This file contains any messages produced by compilers while
running configure, to aid debugging if configure makes a mistake.

It was created by configure, which was
generated by GNU Autoconf 2.69.  Invocation command line was

  $ ./configure --enable-unixd --disable-pie --enable-mods-static=few --prefix=/home/sh/httpd-2.4.49-trace --with-mpm=event --with-apr=/home/sh/rca_httpd/httpd/apr-1.6.5 --with-apr-util=/home/sh/rca_httpd/httpd/apr-util-1.6.3 --with-pcre=/home/sh/rca_httpd/httpd/pcre-8.00/pcre-config

## --------- ##
## Platform. ##
## --------- ##

hostname = HangShu
uname -m = x86_64
uname -r = 5.15.133.1-microsoft-standard-WSL2
uname -s = Linux
uname -v = #1 SMP Thu Oct 5 21:02:42 UTC 2023

/usr/bin/uname -p = x86_64
/bin/uname -X     = unknown

/bin/arch              = x86_64
/usr/bin/arch -k       = unknown
/usr/convex/getsysinfo = unknown
/usr/bin/hostinfo      = unknown
/bin/machine           = unknown
/usr/bin/oslevel       = unknown
/bin/universe          = unknown

PATH: /home/sh/.vscode-server/bin/97dec172d3256f8ca4bfb2143f3f76b503ca0534/bin/remote-cli
PATH: /home/sh/.local/bin
PATH: /home/sh/.cargo/bin
PATH: /usr/local/sbin
PATH: /usr/local/bin
PATH: /usr/sbin
PATH: /usr/bin
PATH: /sbin
PATH: /bin
PATH: /usr/games
PATH: /usr/local/games
PATH: /snap/bin


## ----------- ##
## Core tests. ##
## ----------- ##

configure:3142: checking for chosen layout
configure:3144: result: Apache
configure:3947: checking for working mkdir -p
configure:3963: result: yes
configure:3972: checking for grep that handles long lines and -e
configure:4030: result: /usr/bin/grep
configure:4035: checking for egrep
configure:4097: result: /usr/bin/grep -E
configure:4113: checking build system type
configure:4127: result: x86_64-pc-linux-gnu
configure:4147: checking host system type
configure:4160: result: x86_64-pc-linux-gnu
configure:4180: checking target system type
configure:4193: result: x86_64-pc-linux-gnu
configure:4223: 
configure:4225: Configuring Apache Portable Runtime library...
configure:4227: 
configure:4268: checking for APR
configure:4413: result: yes
configure:4673: 
configure:4675: Configuring Apache Portable Runtime Utility library...
configure:4677: 
configure:4714: checking for APR-util
configure:4793: result: yes
configure:5054: checking for gcc
configure:5081: result: gcc
configure:5310: checking for C compiler version
configure:5319: gcc --version >&5
gcc (Ubuntu 11.4.0-1ubuntu1~22.04) 11.4.0
Copyright (C) 2021 Free Software Foundation, Inc.
This is free software; see the source for copying conditions.  There is NO
warranty; not even for MERCHANTABILITY or FITNESS FOR A PARTICULAR PURPOSE.

configure:5330: $? = 0
configure:5319: gcc -v >&5
Using built-in specs.
COLLECT_GCC=gcc
COLLECT_LTO_WRAPPER=/usr/lib/gcc/x86_64-linux-gnu/11/lto-wrapper
OFFLOAD_TARGET_NAMES=nvptx-none:amdgcn-amdhsa
OFFLOAD_TARGET_DEFAULT=1
Target: x86_64-linux-gnu
Configured with: ../src/configure -v --with-pkgversion='Ubuntu 11.4.0-1ubuntu1~22.04' --with-bugurl=file:///usr/share/doc/gcc-11/README.Bugs --enable-languages=c,ada,c++,go,brig,d,fortran,objc,obj-c++,m2 --prefix=/usr --with-gcc-major-version-only --program-suffix=-11 --program-prefix=x86_64-linux-gnu- --enable-shared --enable-linker-build-id --libexecdir=/usr/lib --without-included-gettext --enable-threads=posix --libdir=/usr/lib --enable-nls --enable-bootstrap --enable-clocale=gnu --enable-libstdcxx-debug --enable-libstdcxx-time=yes --with-default-libstdcxx-abi=new --enable-gnu-unique-object --disable-vtable-verify --enable-plugin --enable-default-pie --with-system-zlib --enable-libphobos-checking=release --with-target-system-zlib=auto --enable-objc-gc=auto --enable-multiarch --disable-werror --enable-cet --with-arch-32=i686 --with-abi=m64 --with-multilib-list=m32,m64,mx32 --enable-multilib --with-tune=generic --enable-offload-targets=nvptx-none=/build/gcc-11-XeT9lY/gcc-11-11.4.0/debian/tmp-nvptx/usr,amdgcn-amdhsa=/build/gcc-11-XeT9lY/gcc-11-11.4.0/debian/tmp-gcn/usr --without-cuda-driver --enable-checking=release --build=x86_64-linux-gnu --host=x86_64-linux-gnu --target=x86_64-linux-gnu --with-build-config=bootstrap-lto-lean --enable-link-serialization=2
Thread model: posix
Supported LTO compression algorithms: zlib zstd
gcc version 11.4.0 (Ubuntu 11.4.0-1ubuntu1~22.04) 
... rest of stderr output deleted ...
configure:5330: $? = 0
configure:5319: gcc -V >&5
gcc: error: unrecognized command-line option '-V'
gcc: fatal error: no input files
compilation terminated.
configure:5330: $? = 1
configure:5319: gcc -qversion >&5
gcc: error: unrecognized command-line option '-qversion'; did you mean '--version'?
gcc: fatal error: no input files
compilation terminated.
configure:5330: $? = 1
configure:5350: checking whether the C compiler works
configure:5372: gcc   -march=skylake -g -ggdb -fno-builtin -fno-inline -O2  -DLINUX -D_REENTRANT -D_GNU_SOURCE   -march=skylake -g -ggdb -fno-builtin -fno-inline conftest.c -L/home/sh/rca_httpd/httpd/apr-1.6.5/.libs -L/home/sh/rca_httpd/httpd/apr-util-1.6.3/.libs -L/home/sh/rca_httpd/httpd/pcre-8.00/.libs  >&5
configure:5376: $? = 0
configure:5424: result: yes
configure:5427: checking for C compiler default output file name
configure:5429: result: a.out
configure:5435: checking for suffix of executables
configure:5442: gcc -o conftest   -march=skylake -g -ggdb -fno-builtin -fno-inline -O2  -DLINUX -D_REENTRANT -D_GNU_SOURCE   -march=skylake -g -ggdb -fno-builtin -fno-inline conftest.c -L/home/sh/rca_httpd/httpd/apr-1.6.5/.libs -L/home/sh/rca_httpd/httpd/apr-util-1.6.3/.libs -L/home/sh/rca_httpd/httpd/pcre-8.00/.libs  >&5
configure:5446: $? = 0
configure:5468: result: 
configure:5490: checking whether we are cross compiling
configure:5498: gcc -o conftest   -march=skylake -g -ggdb -fno-builtin -fno-inline -O2  -DLINUX -D_REENTRANT -D_GNU_SOURCE   -march=skylake -g -ggdb -fno-builtin -fno-inline conftest.c -L/home/sh/rca_httpd/httpd/apr-1.6.5/.libs -L/home/sh/rca_httpd/httpd/apr-util-1.6.3/.libs -L/home/sh/rca_httpd/httpd/pcre-8.00/.libs  >&5
configure:5502: $? = 0
configure:5509: ./conftest
configure:5513: $? = 0
configure:5528: result: no
configure:5533: checking for suffix of object files
configure:5555: gcc -c   -march=skylake -g -ggdb -fno-builtin -fno-inline -O2  -DLINUX -D_REENTRANT -D_GNU_SOURCE conftest.c >&5
configure:5559: $? = 0
configure:5580: result: o
configure:5584: checking whether we are using the GNU C compiler
configure:5603: gcc -c   -march=skylake -g -ggdb -fno-builtin -fno-inline -O2  -DLINUX -D_REENTRANT -D_GNU_SOURCE conftest.c >&5
configure:5603: $? = 0
configure:5612: result: yes
configure:5621: checking whether gcc accepts -g
configure:5641: gcc -c -g  -DLINUX -D_REENTRANT -D_GNU_SOURCE conftest.c >&5
configure:5641: $? = 0
configure:5682: result: yes
configure:5699: checking for gcc option to accept ISO C89
configure:5762: gcc  -c   -march=skylake -g -ggdb -fno-builtin -fno-inline -O2  -DLINUX -D_REENTRANT -D_GNU_SOURCE conftest.c >&5
configure:5762: $? = 0
configure:5775: result: none needed
configure:5800: checking how to run the C preprocessor
configure:5870: result: gcc -E
configure:5890: gcc -E  -DLINUX -D_REENTRANT -D_GNU_SOURCE conftest.c
configure:5890: $? = 0
configure:5904: gcc -E  -DLINUX -D_REENTRANT -D_GNU_SOURCE conftest.c
conftest.c:9:10: fatal error: ac_nonexistent.h: No such file or directory
    9 | #include <ac_nonexistent.h>
      |          ^~~~~~~~~~~~~~~~~~
compilation terminated.
configure:5904: $? = 1
configure: failed program was:
| /* confdefs.h */
| #define PACKAGE_NAME ""
| #define PACKAGE_TARNAME ""
| #define PACKAGE_VERSION ""
| #define PACKAGE_STRING ""
| #define PACKAGE_BUGREPORT ""
| #define PACKAGE_URL ""
| /* end confdefs.h.  */
| #include <ac_nonexistent.h>
configure:5933: checking for gcc option to accept ISO C99
configure:6082: gcc  -c   -march=skylake -g -ggdb -fno-builtin -fno-inline -O2  -DLINUX -D_REENTRANT -D_GNU_SOURCE conftest.c >&5
configure:6082: $? = 0
configure:6095: result: none needed
configure:6126: checking for pcre-config
configure:6157: result: false
configure:6180: Using external PCRE library from /home/sh/rca_httpd/httpd/pcre-8.00/pcre-config
configure:6232: 
configure:6234: Configuring Apache httpd...
configure:6236: 
configure:6376: 
configure:6378: Applying OS-specific hints for httpd...
configure:6380: 
configure:6546: checking for rm
configure:6564: found /usr/bin/rm
configure:6576: result: /usr/bin/rm
configure:6586: checking for pkg-config
configure:6619: result: no
configure:6626: checking for rsync
configure:6644: found /usr/bin/rsync
configure:6656: result: /usr/bin/rsync
configure:6666: checking for svn
configure:6699: result: no
configure:6708: checking for gawk
configure:6724: found /usr/bin/gawk
configure:6735: result: gawk
configure:6746: checking whether ln -s works
configure:6750: result: yes
configure:6800: checking for ranlib
configure:6816: found /usr/bin/ranlib
configure:6827: result: ranlib
configure:6853: checking for lynx
configure:6883: result: no
configure:6853: checking for links
configure:6883: result: no
configure:6853: checking for elinks
configure:6883: result: no
configure:6908: checking for ANSI C header files
configure:6928: gcc -c   -march=skylake -g -ggdb -fno-builtin -fno-inline -O2  -DLINUX -D_REENTRANT -D_GNU_SOURCE conftest.c >&5
configure:6928: $? = 0
configure:7001: gcc -o conftest   -march=skylake -g -ggdb -fno-builtin -fno-inline -O2  -DLINUX -D_REENTRANT -D_GNU_SOURCE   -march=skylake -g -ggdb -fno-builtin -fno-inline conftest.c -L/home/sh/rca_httpd/httpd/apr-1.6.5/.libs -L/home/sh/rca_httpd/httpd/apr-util-1.6.3/.libs -L/home/sh/rca_httpd/httpd/pcre-8.00/.libs  >&5
configure:7001: $? = 0
configure:7001: ./conftest
configure:7001: $? = 0
configure:7012: result: yes
configure:7025: checking for sys/types.h
configure:7025: gcc -c   -march=skylake -g -ggdb -fno-builtin -fno-inline -O2  -DLINUX -D_REENTRANT -D_GNU_SOURCE conftest.c >&5
configure:7025: $? = 0
configure:7025: result: yes
configure:7025: checking for sys/stat.h
configure:7025: gcc -c   -march=skylake -g -ggdb -fno-builtin -fno-inline -O2  -DLINUX -D_REENTRANT -D_GNU_SOURCE conftest.c >&5
configure:7025: $? = 0
configure:7025: result: yes
configure:7025: checking for stdlib.h
configure:7025: gcc -c   -march=skylake -g -ggdb -fno-builtin -fno-inline -O2  -DLINUX -D_REENTRANT -D_GNU_SOURCE conftest.c >&5
configure:7025: $? = 0
configure:7025: result: yes
configure:7025: checking for string.h
configure:7025: gcc -c   -march=skylake -g -ggdb -fno-builtin -fno-inline -O2  -DLINUX -D_REENTRANT -D_GNU_SOURCE conftest.c >&5
configure:7025: $? = 0
configure:7025: result: yes
configure:7025: checking for memory.h
configure:7025: gcc -c   -march=skylake -g -ggdb -fno-builtin -fno-inline -O2  -DLINUX -D_REENTRANT -D_GNU_SOURCE conftest.c >&5
configure:7025: $? = 0
configure:7025: result: yes
configure:7025: checking for strings.h
configure:7025: gcc -c   -march=skylake -g -ggdb -fno-builtin -fno-inline -O2  -DLINUX -D_REENTRANT -D_GNU_SOURCE conftest.c >&5
configure:7025: $? = 0
configure:7025: result: yes
configure:7025: checking for inttypes.h
configure:7025: gcc -c   -march=skylake -g -ggdb -fno-builtin -fno-inline -O2  -DLINUX -D_REENTRANT -D_GNU_SOURCE conftest.c >&5
configure:7025: $? = 0
configure:7025: result: yes
configure:7025: checking for stdint.h
configure:7025: gcc -c   -march=skylake -g -ggdb -fno-builtin -fno-inline -O2  -DLINUX -D_REENTRANT -D_GNU_SOURCE conftest.c >&5
configure:7025: $? = 0
configure:7025: result: yes
configure:7025: checking for unistd.h
configure:7025: gcc -c   -march=skylake -g -ggdb -fno-builtin -fno-inline -O2  -DLINUX -D_REENTRANT -D_GNU_SOURCE conftest.c >&5
configure:7025: $? = 0
configure:7025: result: yes
configure:7038: checking minix/config.h usability
configure:7038: gcc -c   -march=skylake -g -ggdb -fno-builtin -fno-inline -O2  -DLINUX -D_REENTRANT -D_GNU_SOURCE conftest.c >&5
conftest.c:52:10: fatal error: minix/config.h: No such file or directory
   52 | #include <minix/config.h>
      |          ^~~~~~~~~~~~~~~~
compilation terminated.
configure:7038: $? = 1
configure: failed program was:
| /* confdefs.h */
| #define PACKAGE_NAME ""
| #define PACKAGE_TARNAME ""
| #define PACKAGE_VERSION ""
| #define PACKAGE_STRING ""
| #define PACKAGE_BUGREPORT ""
| #define PACKAGE_URL ""
| #define STDC_HEADERS 1
| #define HAVE_SYS_TYPES_H 1
| #define HAVE_SYS_STAT_H 1
| #define HAVE_STDLIB_H 1
| #define HAVE_STRING_H 1
| #define HAVE_MEMORY_H 1
| #define HAVE_STRINGS_H 1
| #define HAVE_INTTYPES_H 1
| #define HAVE_STDINT_H 1
| #define HAVE_UNISTD_H 1
| /* end confdefs.h.  */
| #include <stdio.h>
| #ifdef HAVE_SYS_TYPES_H
| # include <sys/types.h>
| #endif
| #ifdef HAVE_SYS_STAT_H
| # include <sys/stat.h>
| #endif
| #ifdef STDC_HEADERS
| # include <stdlib.h>
| # include <stddef.h>
| #else
| # ifdef HAVE_STDLIB_H
| #  include <stdlib.h>
| # endif
| #endif
| #ifdef HAVE_STRING_H
| # if !defined STDC_HEADERS && defined HAVE_MEMORY_H
| #  include <memory.h>
| # endif
| # include <string.h>
| #endif
| #ifdef HAVE_STRINGS_H
| # include <strings.h>
| #endif
| #ifdef HAVE_INTTYPES_H
| # include <inttypes.h>
| #endif
| #ifdef HAVE_STDINT_H
| # include <stdint.h>
| #endif
| #ifdef HAVE_UNISTD_H
| # include <unistd.h>
| #endif
| #include <minix/config.h>
configure:7038: result: no
configure:7038: checking minix/config.h presence
configure:7038: gcc -E  -DLINUX -D_REENTRANT -D_GNU_SOURCE conftest.c
conftest.c:19:10: fatal error: minix/config.h: No such file or directory
   19 | #include <minix/config.h>
      |          ^~~~~~~~~~~~~~~~
compilation terminated.
configure:7038: $? = 1
configure: failed program was:
| /* confdefs.h */
| #define PACKAGE_NAME ""
| #define PACKAGE_TARNAME ""
| #define PACKAGE_VERSION ""
| #define PACKAGE_STRING ""
| #define PACKAGE_BUGREPORT ""
| #define PACKAGE_URL ""
| #define STDC_HEADERS 1
| #define HAVE_SYS_TYPES_H 1
| #define HAVE_SYS_STAT_H 1
| #define HAVE_STDLIB_H 1
| #define HAVE_STRING_H 1
| #define HAVE_MEMORY_H 1
| #define HAVE_STRINGS_H 1
| #define HAVE_INTTYPES_H 1
| #define HAVE_STDINT_H 1
| #define HAVE_UNISTD_H 1
| /* end confdefs.h.  */
| #include <minix/config.h>
configure:7038: result: no
configure:7038: checking for minix/config.h
configure:7038: result: no
configure:7059: checking whether it is safe to define __EXTENSIONS__
configure:7077: gcc -c   -march=skylake -g -ggdb -fno-builtin -fno-inline -O2  -DLINUX -D_REENTRANT -D_GNU_SOURCE conftest.c >&5
configure:7077: $? = 0
configure:7084: result: yes
configure:7100: checking for library containing strerror
configure:7131: gcc -o conftest   -march=skylake -g -ggdb -fno-builtin -fno-inline -O2  -DLINUX -D_REENTRANT -D_GNU_SOURCE   -march=skylake -g -ggdb -fno-builtin -fno-inline conftest.c -L/home/sh/rca_httpd/httpd/apr-1.6.5/.libs -L/home/sh/rca_httpd/httpd/apr-util-1.6.3/.libs -L/home/sh/rca_httpd/httpd/pcre-8.00/.libs  >&5
configure:7131: $? = 0
configure:7148: result: none required
configure:7170: checking for APR version 1.3.0 or later
configure:7194: result: yes
configure:7227: checking for APR-util version 1.3.0 or later
configure:7251: result: yes
configure:7353: checking for ANSI C header files
configure:7457: result: yes
configure:7481: checking for string.h
configure:7481: result: yes
configure:7481: checking limits.h usability
configure:7481: gcc -c   -march=skylake -g -ggdb -fno-builtin -fno-inline -O2  -DLINUX -D_REENTRANT -D_GNU_SOURCE conftest.c >&5
configure:7481: $? = 0
configure:7481: result: yes
configure:7481: checking limits.h presence
configure:7481: gcc -E  -DLINUX -D_REENTRANT -D_GNU_SOURCE conftest.c
configure:7481: $? = 0
configure:7481: result: yes
configure:7481: checking for limits.h
configure:7481: result: yes
configure:7481: checking for unistd.h
configure:7481: result: yes
configure:7481: checking sys/socket.h usability
configure:7481: gcc -c   -march=skylake -g -ggdb -fno-builtin -fno-inline -O2  -DLINUX -D_REENTRANT -D_GNU_SOURCE conftest.c >&5
configure:7481: $? = 0
configure:7481: result: yes
configure:7481: checking sys/socket.h presence
configure:7481: gcc -E  -DLINUX -D_REENTRANT -D_GNU_SOURCE conftest.c
configure:7481: $? = 0
configure:7481: result: yes
configure:7481: checking for sys/socket.h
configure:7481: result: yes
configure:7481: checking pwd.h usability
configure:7481: gcc -c   -march=skylake -g -ggdb -fno-builtin -fno-inline -O2  -DLINUX -D_REENTRANT -D_GNU_SOURCE conftest.c >&5
configure:7481: $? = 0
configure:7481: result: yes
configure:7481: checking pwd.h presence
configure:7481: gcc -E  -DLINUX -D_REENTRANT -D_GNU_SOURCE conftest.c
configure:7481: $? = 0
configure:7481: result: yes
configure:7481: checking for pwd.h
configure:7481: result: yes
configure:7481: checking grp.h usability
configure:7481: gcc -c   -march=skylake -g -ggdb -fno-builtin -fno-inline -O2  -DLINUX -D_REENTRANT -D_GNU_SOURCE conftest.c >&5
configure:7481: $? = 0
configure:7481: result: yes
configure:7481: checking grp.h presence
configure:7481: gcc -E  -DLINUX -D_REENTRANT -D_GNU_SOURCE conftest.c
configure:7481: $? = 0
configure:7481: result: yes
configure:7481: checking for grp.h
configure:7481: result: yes
configure:7481: checking for strings.h
configure:7481: result: yes
configure:7481: checking sys/prctl.h usability
configure:7481: gcc -c   -march=skylake -g -ggdb -fno-builtin -fno-inline -O2  -DLINUX -D_REENTRANT -D_GNU_SOURCE conftest.c >&5
configure:7481: $? = 0
configure:7481: result: yes
configure:7481: checking sys/prctl.h presence
configure:7481: gcc -E  -DLINUX -D_REENTRANT -D_GNU_SOURCE conftest.c
configure:7481: $? = 0
configure:7481: result: yes
configure:7481: checking for sys/prctl.h
configure:7481: result: yes
configure:7481: checking sys/processor.h usability
configure:7481: gcc -c   -march=skylake -g -ggdb -fno-builtin -fno-inline -O2  -DLINUX -D_REENTRANT -D_GNU_SOURCE conftest.c >&5
conftest.c:66:10: fatal error: sys/processor.h: No such file or directory
   66 | #include <sys/processor.h>
      |          ^~~~~~~~~~~~~~~~~
compilation terminated.
configure:7481: $? = 1
configure: failed program was:
| /* confdefs.h */
| #define PACKAGE_NAME ""
| #define PACKAGE_TARNAME ""
| #define PACKAGE_VERSION ""
| #define PACKAGE_STRING ""
| #define PACKAGE_BUGREPORT ""
| #define PACKAGE_URL ""
| #define STDC_HEADERS 1
| #define HAVE_SYS_TYPES_H 1
| #define HAVE_SYS_STAT_H 1
| #define HAVE_STDLIB_H 1
| #define HAVE_STRING_H 1
| #define HAVE_MEMORY_H 1
| #define HAVE_STRINGS_H 1
| #define HAVE_INTTYPES_H 1
| #define HAVE_STDINT_H 1
| #define HAVE_UNISTD_H 1
| #define __EXTENSIONS__ 1
| #define _ALL_SOURCE 1
| #define _GNU_SOURCE 1
| #define _POSIX_PTHREAD_SEMANTICS 1
| #define _TANDEM_SOURCE 1
| #define STDC_HEADERS 1
| #define HAVE_STRING_H 1
| #define HAVE_LIMITS_H 1
| #define HAVE_UNISTD_H 1
| #define HAVE_SYS_SOCKET_H 1
| #define HAVE_PWD_H 1
| #define HAVE_GRP_H 1
| #define HAVE_STRINGS_H 1
| #define HAVE_SYS_PRCTL_H 1
| /* end confdefs.h.  */
| #include <stdio.h>
| #ifdef HAVE_SYS_TYPES_H
| # include <sys/types.h>
| #endif
| #ifdef HAVE_SYS_STAT_H
| # include <sys/stat.h>
| #endif
| #ifdef STDC_HEADERS
| # include <stdlib.h>
| # include <stddef.h>
| #else
| # ifdef HAVE_STDLIB_H
| #  include <stdlib.h>
| # endif
| #endif
| #ifdef HAVE_STRING_H
| # if !defined STDC_HEADERS && defined HAVE_MEMORY_H
| #  include <memory.h>
| # endif
| # include <string.h>
| #endif
| #ifdef HAVE_STRINGS_H
| # include <strings.h>
| #endif
| #ifdef HAVE_INTTYPES_H
| # include <inttypes.h>
| #endif
| #ifdef HAVE_STDINT_H
| # include <stdint.h>
| #endif
| #ifdef HAVE_UNISTD_H
| # include <unistd.h>
| #endif
| #include <sys/processor.h>
configure:7481: result: no
configure:7481: checking sys/processor.h presence
configure:7481: gcc -E  -DLINUX -D_REENTRANT -D_GNU_SOURCE conftest.c
conftest.c:33:10: fatal error: sys/processor.h: No such file or directory
   33 | #include <sys/processor.h>
      |          ^~~~~~~~~~~~~~~~~
compilation terminated.
configure:7481: $? = 1
configure: failed program was:
| /* confdefs.h */
| #define PACKAGE_NAME ""
| #define PACKAGE_TARNAME ""
| #define PACKAGE_VERSION ""
| #define PACKAGE_STRING ""
| #define PACKAGE_BUGREPORT ""
| #define PACKAGE_URL ""
| #define STDC_HEADERS 1
| #define HAVE_SYS_TYPES_H 1
| #define HAVE_SYS_STAT_H 1
| #define HAVE_STDLIB_H 1
| #define HAVE_STRING_H 1
| #define HAVE_MEMORY_H 1
| #define HAVE_STRINGS_H 1
| #define HAVE_INTTYPES_H 1
| #define HAVE_STDINT_H 1
| #define HAVE_UNISTD_H 1
| #define __EXTENSIONS__ 1
| #define _ALL_SOURCE 1
| #define _GNU_SOURCE 1
| #define _POSIX_PTHREAD_SEMANTICS 1
| #define _TANDEM_SOURCE 1
| #define STDC_HEADERS 1
| #define HAVE_STRING_H 1
| #define HAVE_LIMITS_H 1
| #define HAVE_UNISTD_H 1
| #define HAVE_SYS_SOCKET_H 1
| #define HAVE_PWD_H 1
| #define HAVE_GRP_H 1
| #define HAVE_STRINGS_H 1
| #define HAVE_SYS_PRCTL_H 1
| /* end confdefs.h.  */
| #include <sys/processor.h>
configure:7481: result: no
configure:7481: checking for sys/processor.h
configure:7481: result: no
configure:7481: checking sys/sem.h usability
configure:7481: gcc -c   -march=skylake -g -ggdb -fno-builtin -fno-inline -O2  -DLINUX -D_REENTRANT -D_GNU_SOURCE conftest.c >&5
configure:7481: $? = 0
configure:7481: result: yes
configure:7481: checking sys/sem.h presence
configure:7481: gcc -E  -DLINUX -D_REENTRANT -D_GNU_SOURCE conftest.c
configure:7481: $? = 0
configure:7481: result: yes
configure:7481: checking for sys/sem.h
configure:7481: result: yes
configure:7481: checking sys/sdt.h usability
configure:7481: gcc -c   -march=skylake -g -ggdb -fno-builtin -fno-inline -O2  -DLINUX -D_REENTRANT -D_GNU_SOURCE conftest.c >&5
conftest.c:67:10: fatal error: sys/sdt.h: No such file or directory
   67 | #include <sys/sdt.h>
      |          ^~~~~~~~~~~
compilation terminated.
configure:7481: $? = 1
configure: failed program was:
| /* confdefs.h */
| #define PACKAGE_NAME ""
| #define PACKAGE_TARNAME ""
| #define PACKAGE_VERSION ""
| #define PACKAGE_STRING ""
| #define PACKAGE_BUGREPORT ""
| #define PACKAGE_URL ""
| #define STDC_HEADERS 1
| #define HAVE_SYS_TYPES_H 1
| #define HAVE_SYS_STAT_H 1
| #define HAVE_STDLIB_H 1
| #define HAVE_STRING_H 1
| #define HAVE_MEMORY_H 1
| #define HAVE_STRINGS_H 1
| #define HAVE_INTTYPES_H 1
| #define HAVE_STDINT_H 1
| #define HAVE_UNISTD_H 1
| #define __EXTENSIONS__ 1
| #define _ALL_SOURCE 1
| #define _GNU_SOURCE 1
| #define _POSIX_PTHREAD_SEMANTICS 1
| #define _TANDEM_SOURCE 1
| #define STDC_HEADERS 1
| #define HAVE_STRING_H 1
| #define HAVE_LIMITS_H 1
| #define HAVE_UNISTD_H 1
| #define HAVE_SYS_SOCKET_H 1
| #define HAVE_PWD_H 1
| #define HAVE_GRP_H 1
| #define HAVE_STRINGS_H 1
| #define HAVE_SYS_PRCTL_H 1
| #define HAVE_SYS_SEM_H 1
| /* end confdefs.h.  */
| #include <stdio.h>
| #ifdef HAVE_SYS_TYPES_H
| # include <sys/types.h>
| #endif
| #ifdef HAVE_SYS_STAT_H
| # include <sys/stat.h>
| #endif
| #ifdef STDC_HEADERS
| # include <stdlib.h>
| # include <stddef.h>
| #else
| # ifdef HAVE_STDLIB_H
| #  include <stdlib.h>
| # endif
| #endif
| #ifdef HAVE_STRING_H
| # if !defined STDC_HEADERS && defined HAVE_MEMORY_H
| #  include <memory.h>
| # endif
| # include <string.h>
| #endif
| #ifdef HAVE_STRINGS_H
| # include <strings.h>
| #endif
| #ifdef HAVE_INTTYPES_H
| # include <inttypes.h>
| #endif
| #ifdef HAVE_STDINT_H
| # include <stdint.h>
| #endif
| #ifdef HAVE_UNISTD_H
| # include <unistd.h>
| #endif
| #include <sys/sdt.h>
configure:7481: result: no
configure:7481: checking sys/sdt.h presence
configure:7481: gcc -E  -DLINUX -D_REENTRANT -D_GNU_SOURCE conftest.c
conftest.c:34:10: fatal error: sys/sdt.h: No such file or directory
   34 | #include <sys/sdt.h>
      |          ^~~~~~~~~~~
compilation terminated.
configure:7481: $? = 1
configure: failed program was:
| /* confdefs.h */
| #define PACKAGE_NAME ""
| #define PACKAGE_TARNAME ""
| #define PACKAGE_VERSION ""
| #define PACKAGE_STRING ""
| #define PACKAGE_BUGREPORT ""
| #define PACKAGE_URL ""
| #define STDC_HEADERS 1
| #define HAVE_SYS_TYPES_H 1
| #define HAVE_SYS_STAT_H 1
| #define HAVE_STDLIB_H 1
| #define HAVE_STRING_H 1
| #define HAVE_MEMORY_H 1
| #define HAVE_STRINGS_H 1
| #define HAVE_INTTYPES_H 1
| #define HAVE_STDINT_H 1
| #define HAVE_UNISTD_H 1
| #define __EXTENSIONS__ 1
| #define _ALL_SOURCE 1
| #define _GNU_SOURCE 1
| #define _POSIX_PTHREAD_SEMANTICS 1
| #define _TANDEM_SOURCE 1
| #define STDC_HEADERS 1
| #define HAVE_STRING_H 1
| #define HAVE_LIMITS_H 1
| #define HAVE_UNISTD_H 1
| #define HAVE_SYS_SOCKET_H 1
| #define HAVE_PWD_H 1
| #define HAVE_GRP_H 1
| #define HAVE_STRINGS_H 1
| #define HAVE_SYS_PRCTL_H 1
| #define HAVE_SYS_SEM_H 1
| /* end confdefs.h.  */
| #include <sys/sdt.h>
configure:7481: result: no
configure:7481: checking for sys/sdt.h
configure:7481: result: no
configure:7481: checking sys/loadavg.h usability
configure:7481: gcc -c   -march=skylake -g -ggdb -fno-builtin -fno-inline -O2  -DLINUX -D_REENTRANT -D_GNU_SOURCE conftest.c >&5
conftest.c:67:10: fatal error: sys/loadavg.h: No such file or directory
   67 | #include <sys/loadavg.h>
      |          ^~~~~~~~~~~~~~~
compilation terminated.
configure:7481: $? = 1
configure: failed program was:
| /* confdefs.h */
| #define PACKAGE_NAME ""
| #define PACKAGE_TARNAME ""
| #define PACKAGE_VERSION ""
| #define PACKAGE_STRING ""
| #define PACKAGE_BUGREPORT ""
| #define PACKAGE_URL ""
| #define STDC_HEADERS 1
| #define HAVE_SYS_TYPES_H 1
| #define HAVE_SYS_STAT_H 1
| #define HAVE_STDLIB_H 1
| #define HAVE_STRING_H 1
| #define HAVE_MEMORY_H 1
| #define HAVE_STRINGS_H 1
| #define HAVE_INTTYPES_H 1
| #define HAVE_STDINT_H 1
| #define HAVE_UNISTD_H 1
| #define __EXTENSIONS__ 1
| #define _ALL_SOURCE 1
| #define _GNU_SOURCE 1
| #define _POSIX_PTHREAD_SEMANTICS 1
| #define _TANDEM_SOURCE 1
| #define STDC_HEADERS 1
| #define HAVE_STRING_H 1
| #define HAVE_LIMITS_H 1
| #define HAVE_UNISTD_H 1
| #define HAVE_SYS_SOCKET_H 1
| #define HAVE_PWD_H 1
| #define HAVE_GRP_H 1
| #define HAVE_STRINGS_H 1
| #define HAVE_SYS_PRCTL_H 1
| #define HAVE_SYS_SEM_H 1
| /* end confdefs.h.  */
| #include <stdio.h>
| #ifdef HAVE_SYS_TYPES_H
| # include <sys/types.h>
| #endif
| #ifdef HAVE_SYS_STAT_H
| # include <sys/stat.h>
| #endif
| #ifdef STDC_HEADERS
| # include <stdlib.h>
| # include <stddef.h>
| #else
| # ifdef HAVE_STDLIB_H
| #  include <stdlib.h>
| # endif
| #endif
| #ifdef HAVE_STRING_H
| # if !defined STDC_HEADERS && defined HAVE_MEMORY_H
| #  include <memory.h>
| # endif
| # include <string.h>
| #endif
| #ifdef HAVE_STRINGS_H
| # include <strings.h>
| #endif
| #ifdef HAVE_INTTYPES_H
| # include <inttypes.h>
| #endif
| #ifdef HAVE_STDINT_H
| # include <stdint.h>
| #endif
| #ifdef HAVE_UNISTD_H
| # include <unistd.h>
| #endif
| #include <sys/loadavg.h>
configure:7481: result: no
configure:7481: checking sys/loadavg.h presence
configure:7481: gcc -E  -DLINUX -D_REENTRANT -D_GNU_SOURCE conftest.c
conftest.c:34:10: fatal error: sys/loadavg.h: No such file or directory
   34 | #include <sys/loadavg.h>
      |          ^~~~~~~~~~~~~~~
compilation terminated.
configure:7481: $? = 1
configure: failed program was:
| /* confdefs.h */
| #define PACKAGE_NAME ""
| #define PACKAGE_TARNAME ""
| #define PACKAGE_VERSION ""
| #define PACKAGE_STRING ""
| #define PACKAGE_BUGREPORT ""
| #define PACKAGE_URL ""
| #define STDC_HEADERS 1
| #define HAVE_SYS_TYPES_H 1
| #define HAVE_SYS_STAT_H 1
| #define HAVE_STDLIB_H 1
| #define HAVE_STRING_H 1
| #define HAVE_MEMORY_H 1
| #define HAVE_STRINGS_H 1
| #define HAVE_INTTYPES_H 1
| #define HAVE_STDINT_H 1
| #define HAVE_UNISTD_H 1
| #define __EXTENSIONS__ 1
| #define _ALL_SOURCE 1
| #define _GNU_SOURCE 1
| #define _POSIX_PTHREAD_SEMANTICS 1
| #define _TANDEM_SOURCE 1
| #define STDC_HEADERS 1
| #define HAVE_STRING_H 1
| #define HAVE_LIMITS_H 1
| #define HAVE_UNISTD_H 1
| #define HAVE_SYS_SOCKET_H 1
| #define HAVE_PWD_H 1
| #define HAVE_GRP_H 1
| #define HAVE_STRINGS_H 1
| #define HAVE_SYS_PRCTL_H 1
| #define HAVE_SYS_SEM_H 1
| /* end confdefs.h.  */
| #include <sys/loadavg.h>
configure:7481: result: no
configure:7481: checking for sys/loadavg.h
configure:7481: result: no
configure:7491: checking for sys/wait.h that is POSIX.1 compatible
configure:7517: gcc -c   -march=skylake -g -ggdb -fno-builtin -fno-inline -O2  -DLINUX -D_REENTRANT -D_GNU_SOURCE conftest.c >&5
configure:7517: $? = 0
configure:7524: result: yes
configure:7534: checking for an ANSI C-conforming const
configure:7600: gcc -c   -march=skylake -g -ggdb -fno-builtin -fno-inline -O2  -DLINUX -D_REENTRANT -D_GNU_SOURCE conftest.c >&5
configure:7600: $? = 0
configure:7607: result: yes
configure:7618: checking for library containing sqrt
configure:7649: gcc -o conftest   -march=skylake -g -ggdb -fno-builtin -fno-inline -O2  -DLINUX -D_REENTRANT -D_GNU_SOURCE   -march=skylake -g -ggdb -fno-builtin -fno-inline conftest.c  >&5
/usr/bin/ld: /tmp/ccsasocW.o: in function `main':
/home/sh/rca_httpd/httpd/httpd-2.4.49/conftest.c:46: undefined reference to `sqrt'
collect2: error: ld returned 1 exit status
configure:7649: $? = 1
configure: failed program was:
| /* confdefs.h */
| #define PACKAGE_NAME ""
| #define PACKAGE_TARNAME ""
| #define PACKAGE_VERSION ""
| #define PACKAGE_STRING ""
| #define PACKAGE_BUGREPORT ""
| #define PACKAGE_URL ""
| #define STDC_HEADERS 1
| #define HAVE_SYS_TYPES_H 1
| #define HAVE_SYS_STAT_H 1
| #define HAVE_STDLIB_H 1
| #define HAVE_STRING_H 1
| #define HAVE_MEMORY_H 1
| #define HAVE_STRINGS_H 1
| #define HAVE_INTTYPES_H 1
| #define HAVE_STDINT_H 1
| #define HAVE_UNISTD_H 1
| #define __EXTENSIONS__ 1
| #define _ALL_SOURCE 1
| #define _GNU_SOURCE 1
| #define _POSIX_PTHREAD_SEMANTICS 1
| #define _TANDEM_SOURCE 1
| #define STDC_HEADERS 1
| #define HAVE_STRING_H 1
| #define HAVE_LIMITS_H 1
| #define HAVE_UNISTD_H 1
| #define HAVE_SYS_SOCKET_H 1
| #define HAVE_PWD_H 1
| #define HAVE_GRP_H 1
| #define HAVE_STRINGS_H 1
| #define HAVE_SYS_PRCTL_H 1
| #define HAVE_SYS_SEM_H 1
| #define HAVE_SYS_WAIT_H 1
| /* end confdefs.h.  */
| 
| /* Override any GCC internal prototype to avoid an error.
|    Use char because int might match the return type of a GCC
|    builtin and then its argument prototype would still apply.  */
| #ifdef __cplusplus
| extern "C"
| #endif
| char sqrt ();
| int
| main ()
| {
| return sqrt ();
|   ;
|   return 0;
| }
configure:7649: gcc -o conftest   -march=skylake -g -ggdb -fno-builtin -fno-inline -O2  -DLINUX -D_REENTRANT -D_GNU_SOURCE   -march=skylake -g -ggdb -fno-builtin -fno-inline conftest.c -lm   >&5
configure:7649: $? = 0
configure:7666: result: -lm
configure:7683: checking for library containing crypt
configure:7714: gcc -o conftest   -march=skylake -g -ggdb -fno-builtin -fno-inline -O2  -DLINUX -D_REENTRANT -D_GNU_SOURCE   -march=skylake -g -ggdb -fno-builtin -fno-inline conftest.c  >&5
/usr/bin/ld: /tmp/cc5TVByH.o: in function `main':
/home/sh/rca_httpd/httpd/httpd-2.4.49/conftest.c:46: undefined reference to `crypt'
collect2: error: ld returned 1 exit status
configure:7714: $? = 1
configure: failed program was:
| /* confdefs.h */
| #define PACKAGE_NAME ""
| #define PACKAGE_TARNAME ""
| #define PACKAGE_VERSION ""
| #define PACKAGE_STRING ""
| #define PACKAGE_BUGREPORT ""
| #define PACKAGE_URL ""
| #define STDC_HEADERS 1
| #define HAVE_SYS_TYPES_H 1
| #define HAVE_SYS_STAT_H 1
| #define HAVE_STDLIB_H 1
| #define HAVE_STRING_H 1
| #define HAVE_MEMORY_H 1
| #define HAVE_STRINGS_H 1
| #define HAVE_INTTYPES_H 1
| #define HAVE_STDINT_H 1
| #define HAVE_UNISTD_H 1
| #define __EXTENSIONS__ 1
| #define _ALL_SOURCE 1
| #define _GNU_SOURCE 1
| #define _POSIX_PTHREAD_SEMANTICS 1
| #define _TANDEM_SOURCE 1
| #define STDC_HEADERS 1
| #define HAVE_STRING_H 1
| #define HAVE_LIMITS_H 1
| #define HAVE_UNISTD_H 1
| #define HAVE_SYS_SOCKET_H 1
| #define HAVE_PWD_H 1
| #define HAVE_GRP_H 1
| #define HAVE_STRINGS_H 1
| #define HAVE_SYS_PRCTL_H 1
| #define HAVE_SYS_SEM_H 1
| #define HAVE_SYS_WAIT_H 1
| /* end confdefs.h.  */
| 
| /* Override any GCC internal prototype to avoid an error.
|    Use char because int might match the return type of a GCC
|    builtin and then its argument prototype would still apply.  */
| #ifdef __cplusplus
| extern "C"
| #endif
| char crypt ();
| int
| main ()
| {
| return crypt ();
|   ;
|   return 0;
| }
configure:7714: gcc -o conftest   -march=skylake -g -ggdb -fno-builtin -fno-inline -O2  -DLINUX -D_REENTRANT -D_GNU_SOURCE   -march=skylake -g -ggdb -fno-builtin -fno-inline conftest.c -lcrypt   >&5
configure:7714: $? = 0
configure:7731: result: -lcrypt
configure:7760: checking for getpwnam
configure:7760: gcc -o conftest   -march=skylake -g -ggdb -fno-builtin -fno-inline -O2  -DLINUX -D_REENTRANT -D_GNU_SOURCE   -march=skylake -g -ggdb -fno-builtin -fno-inline conftest.c -L/home/sh/rca_httpd/httpd/apr-1.6.5/.libs -L/home/sh/rca_httpd/httpd/apr-util-1.6.3/.libs -L/home/sh/rca_httpd/httpd/pcre-8.00/.libs  >&5
configure:7760: $? = 0
configure:7760: result: yes
configure:7760: checking for getgrnam
configure:7760: gcc -o conftest   -march=skylake -g -ggdb -fno-builtin -fno-inline -O2  -DLINUX -D_REENTRANT -D_GNU_SOURCE   -march=skylake -g -ggdb -fno-builtin -fno-inline conftest.c -L/home/sh/rca_httpd/httpd/apr-1.6.5/.libs -L/home/sh/rca_httpd/httpd/apr-util-1.6.3/.libs -L/home/sh/rca_httpd/httpd/pcre-8.00/.libs  >&5
configure:7760: $? = 0
configure:7760: result: yes
configure:7760: checking for initgroups
configure:7760: gcc -o conftest   -march=skylake -g -ggdb -fno-builtin -fno-inline -O2  -DLINUX -D_REENTRANT -D_GNU_SOURCE   -march=skylake -g -ggdb -fno-builtin -fno-inline conftest.c -L/home/sh/rca_httpd/httpd/apr-1.6.5/.libs -L/home/sh/rca_httpd/httpd/apr-util-1.6.3/.libs -L/home/sh/rca_httpd/httpd/pcre-8.00/.libs  >&5
configure:7760: $? = 0
configure:7760: result: yes
configure:7760: checking for bindprocessor
configure:7760: gcc -o conftest   -march=skylake -g -ggdb -fno-builtin -fno-inline -O2  -DLINUX -D_REENTRANT -D_GNU_SOURCE   -march=skylake -g -ggdb -fno-builtin -fno-inline conftest.c -L/home/sh/rca_httpd/httpd/apr-1.6.5/.libs -L/home/sh/rca_httpd/httpd/apr-util-1.6.3/.libs -L/home/sh/rca_httpd/httpd/pcre-8.00/.libs  >&5
/usr/bin/ld: /tmp/cclETxHs.o: in function `main':
/home/sh/rca_httpd/httpd/httpd-2.4.49/conftest.c:72: undefined reference to `bindprocessor'
collect2: error: ld returned 1 exit status
configure:7760: $? = 1
configure: failed program was:
| /* confdefs.h */
| #define PACKAGE_NAME ""
| #define PACKAGE_TARNAME ""
| #define PACKAGE_VERSION ""
| #define PACKAGE_STRING ""
| #define PACKAGE_BUGREPORT ""
| #define PACKAGE_URL ""
| #define STDC_HEADERS 1
| #define HAVE_SYS_TYPES_H 1
| #define HAVE_SYS_STAT_H 1
| #define HAVE_STDLIB_H 1
| #define HAVE_STRING_H 1
| #define HAVE_MEMORY_H 1
| #define HAVE_STRINGS_H 1
| #define HAVE_INTTYPES_H 1
| #define HAVE_STDINT_H 1
| #define HAVE_UNISTD_H 1
| #define __EXTENSIONS__ 1
| #define _ALL_SOURCE 1
| #define _GNU_SOURCE 1
| #define _POSIX_PTHREAD_SEMANTICS 1
| #define _TANDEM_SOURCE 1
| #define STDC_HEADERS 1
| #define HAVE_STRING_H 1
| #define HAVE_LIMITS_H 1
| #define HAVE_UNISTD_H 1
| #define HAVE_SYS_SOCKET_H 1
| #define HAVE_PWD_H 1
| #define HAVE_GRP_H 1
| #define HAVE_STRINGS_H 1
| #define HAVE_SYS_PRCTL_H 1
| #define HAVE_SYS_SEM_H 1
| #define HAVE_SYS_WAIT_H 1
| #define HAVE_GETPWNAM 1
| #define HAVE_GETGRNAM 1
| #define HAVE_INITGROUPS 1
| /* end confdefs.h.  */
| /* Define bindprocessor to an innocuous variant, in case <limits.h> declares bindprocessor.
|    For example, HP-UX 11i <limits.h> declares gettimeofday.  */
| #define bindprocessor innocuous_bindprocessor
| 
| /* System header to define __stub macros and hopefully few prototypes,
|     which can conflict with char bindprocessor (); below.
|     Prefer <limits.h> to <assert.h> if __STDC__ is defined, since
|     <limits.h> exists even on freestanding compilers.  */
| 
| #ifdef __STDC__
| # include <limits.h>
| #else
| # include <assert.h>
| #endif
| 
| #undef bindprocessor
| 
| /* Override any GCC internal prototype to avoid an error.
|    Use char because int might match the return type of a GCC
|    builtin and then its argument prototype would still apply.  */
| #ifdef __cplusplus
| extern "C"
| #endif
| char bindprocessor ();
| /* The GNU C library defines this for functions which it implements
|     to always fail with ENOSYS.  Some functions are actually named
|     something starting with __ and the normal name is an alias.  */
| #if defined __stub_bindprocessor || defined __stub___bindprocessor
| choke me
| #endif
| 
| int
| main ()
| {
| return bindprocessor ();
|   ;
|   return 0;
| }
configure:7760: result: no
configure:7760: checking for prctl
configure:7760: gcc -o conftest   -march=skylake -g -ggdb -fno-builtin -fno-inline -O2  -DLINUX -D_REENTRANT -D_GNU_SOURCE   -march=skylake -g -ggdb -fno-builtin -fno-inline conftest.c -L/home/sh/rca_httpd/httpd/apr-1.6.5/.libs -L/home/sh/rca_httpd/httpd/apr-util-1.6.3/.libs -L/home/sh/rca_httpd/httpd/pcre-8.00/.libs  >&5
configure:7760: $? = 0
configure:7760: result: yes
configure:7760: checking for timegm
configure:7760: gcc -o conftest   -march=skylake -g -ggdb -fno-builtin -fno-inline -O2  -DLINUX -D_REENTRANT -D_GNU_SOURCE   -march=skylake -g -ggdb -fno-builtin -fno-inline conftest.c -L/home/sh/rca_httpd/httpd/apr-1.6.5/.libs -L/home/sh/rca_httpd/httpd/apr-util-1.6.3/.libs -L/home/sh/rca_httpd/httpd/pcre-8.00/.libs  >&5
configure:7760: $? = 0
configure:7760: result: yes
configure:7760: checking for getpgid
configure:7760: gcc -o conftest   -march=skylake -g -ggdb -fno-builtin -fno-inline -O2  -DLINUX -D_REENTRANT -D_GNU_SOURCE   -march=skylake -g -ggdb -fno-builtin -fno-inline conftest.c -L/home/sh/rca_httpd/httpd/apr-1.6.5/.libs -L/home/sh/rca_httpd/httpd/apr-util-1.6.3/.libs -L/home/sh/rca_httpd/httpd/pcre-8.00/.libs  >&5
configure:7760: $? = 0
configure:7760: result: yes
configure:7760: checking for fopen64
configure:7760: gcc -o conftest   -march=skylake -g -ggdb -fno-builtin -fno-inline -O2  -DLINUX -D_REENTRANT -D_GNU_SOURCE   -march=skylake -g -ggdb -fno-builtin -fno-inline conftest.c -L/home/sh/rca_httpd/httpd/apr-1.6.5/.libs -L/home/sh/rca_httpd/httpd/apr-util-1.6.3/.libs -L/home/sh/rca_httpd/httpd/pcre-8.00/.libs  >&5
configure:7760: $? = 0
configure:7760: result: yes
configure:7760: checking for getloadavg
configure:7760: gcc -o conftest   -march=skylake -g -ggdb -fno-builtin -fno-inline -O2  -DLINUX -D_REENTRANT -D_GNU_SOURCE   -march=skylake -g -ggdb -fno-builtin -fno-inline conftest.c -L/home/sh/rca_httpd/httpd/apr-1.6.5/.libs -L/home/sh/rca_httpd/httpd/apr-util-1.6.3/.libs -L/home/sh/rca_httpd/httpd/pcre-8.00/.libs  >&5
configure:7760: $? = 0
configure:7760: result: yes
configure:7772: checking for void pointer length
configure:7788: gcc -o conftest   -march=skylake -g -ggdb -fno-builtin -fno-inline -O2  -DLINUX -D_REENTRANT -D_GNU_SOURCE   -march=skylake -g -ggdb -fno-builtin -fno-inline conftest.c -L/home/sh/rca_httpd/httpd/apr-1.6.5/.libs -L/home/sh/rca_httpd/httpd/apr-util-1.6.3/.libs -L/home/sh/rca_httpd/httpd/pcre-8.00/.libs  >&5
configure:7788: $? = 0
configure:7788: ./conftest
configure:7788: $? = 0
configure:7798: result: no
configure:7806: checking for gettid()
configure:7823: gcc -o conftest   -march=skylake -g -ggdb -fno-builtin -fno-inline -O2  -DLINUX -D_REENTRANT -D_GNU_SOURCE   -march=skylake -g -ggdb -fno-builtin -fno-inline conftest.c -L/home/sh/rca_httpd/httpd/apr-1.6.5/.libs -L/home/sh/rca_httpd/httpd/apr-util-1.6.3/.libs -L/home/sh/rca_httpd/httpd/pcre-8.00/.libs  >&5
conftest.c:43: warning: "_GNU_SOURCE" redefined
   43 | #define _GNU_SOURCE
      | 
conftest.c:20: note: this is the location of the previous definition
   20 | #define _GNU_SOURCE 1
      | 
configure:7823: $? = 0
configure:7823: ./conftest
configure:7823: $? = 0
configure:7833: result: yes
configure:7841: checking for tm_gmtoff in struct tm
configure:7858: gcc -c   -march=skylake -g -ggdb -fno-builtin -fno-inline -O2  -DLINUX -D_REENTRANT -D_GNU_SOURCE conftest.c >&5
configure:7858: $? = 0
configure:7865: result: yes
configure:7881: checking for sd_notify in -lsystemd-daemon
configure:7906: gcc -o conftest   -march=skylake -g -ggdb -fno-builtin -fno-inline -O2  -DLINUX -D_REENTRANT -D_GNU_SOURCE   -march=skylake -g -ggdb -fno-builtin -fno-inline conftest.c -lsystemd-daemon  -L/home/sh/rca_httpd/httpd/apr-1.6.5/.libs -L/home/sh/rca_httpd/httpd/apr-util-1.6.3/.libs -L/home/sh/rca_httpd/httpd/pcre-8.00/.libs  >&5
/usr/bin/ld: cannot find -lsystemd-daemon: No such file or directory
collect2: error: ld returned 1 exit status
configure:7906: $? = 1
configure: failed program was:
| /* confdefs.h */
| #define PACKAGE_NAME ""
| #define PACKAGE_TARNAME ""
| #define PACKAGE_VERSION ""
| #define PACKAGE_STRING ""
| #define PACKAGE_BUGREPORT ""
| #define PACKAGE_URL ""
| #define STDC_HEADERS 1
| #define HAVE_SYS_TYPES_H 1
| #define HAVE_SYS_STAT_H 1
| #define HAVE_STDLIB_H 1
| #define HAVE_STRING_H 1
| #define HAVE_MEMORY_H 1
| #define HAVE_STRINGS_H 1
| #define HAVE_INTTYPES_H 1
| #define HAVE_STDINT_H 1
| #define HAVE_UNISTD_H 1
| #define __EXTENSIONS__ 1
| #define _ALL_SOURCE 1
| #define _GNU_SOURCE 1
| #define _POSIX_PTHREAD_SEMANTICS 1
| #define _TANDEM_SOURCE 1
| #define STDC_HEADERS 1
| #define HAVE_STRING_H 1
| #define HAVE_LIMITS_H 1
| #define HAVE_UNISTD_H 1
| #define HAVE_SYS_SOCKET_H 1
| #define HAVE_PWD_H 1
| #define HAVE_GRP_H 1
| #define HAVE_STRINGS_H 1
| #define HAVE_SYS_PRCTL_H 1
| #define HAVE_SYS_SEM_H 1
| #define HAVE_SYS_WAIT_H 1
| #define HAVE_GETPWNAM 1
| #define HAVE_GETGRNAM 1
| #define HAVE_INITGROUPS 1
| #define HAVE_PRCTL 1
| #define HAVE_TIMEGM 1
| #define HAVE_GETPGID 1
| #define HAVE_FOPEN64 1
| #define HAVE_GETLOADAVG 1
| #define HAVE_GETTID 1
| #define HAVE_GMTOFF 1
| /* end confdefs.h.  */
| 
| /* Override any GCC internal prototype to avoid an error.
|    Use char because int might match the return type of a GCC
|    builtin and then its argument prototype would still apply.  */
| #ifdef __cplusplus
| extern "C"
| #endif
| char sd_notify ();
| int
| main ()
| {
| return sd_notify ();
|   ;
|   return 0;
| }
configure:7915: result: no
configure:9675: checking whether to enable mod_authn_file
configure:9736: result: static
configure:9816: checking whether to enable mod_authn_dbm
configure:9877: result: no (few)
configure:9957: checking whether to enable mod_authn_anon
configure:10018: result: no (few)
configure:10098: checking whether to enable mod_authn_dbd
configure:10159: result: no (few)
configure:10239: checking whether to enable mod_authn_socache
configure:10300: result: no (few)
configure:10381: checking whether to enable mod_authn_core
configure:10442: result: static
configure:10523: checking whether to enable mod_authz_host
configure:10584: result: static
configure:10664: checking whether to enable mod_authz_groupfile
configure:10725: result: static
configure:10805: checking whether to enable mod_authz_user
configure:10866: result: static
configure:10946: checking whether to enable mod_authz_dbm
configure:11007: result: no (few)
configure:11087: checking whether to enable mod_authz_owner
configure:11148: result: no (few)
configure:11228: checking whether to enable mod_authz_dbd
configure:11289: result: no (few)
configure:11370: checking whether to enable mod_authz_core
configure:11431: result: static
configure:11512: checking whether to enable mod_authnz_ldap
configure:11652: result: no (few)
configure:11733: checking whether to enable mod_authnz_fcgi
configure:11794: result: no
configure:11875: checking whether to enable mod_access_compat
configure:11936: result: static
configure:12018: checking whether to enable mod_auth_basic
configure:12079: result: static
configure:12159: checking whether to enable mod_auth_form
configure:12220: result: no (few)
configure:12300: checking whether to enable mod_auth_digest
configure:12402: result: no (few)
configure:12483: checking whether to enable mod_allowmethods
configure:12544: result: no (few)
configure:12680: checking whether to enable mod_isapi
configure:12741: result: no
configure:12855: checking whether to enable mod_file_cache
configure:12916: result: no (few)
configure:13010: checking whether to enable mod_cache
configure:13071: result: no (few)
configure:13151: checking whether to enable mod_cache_disk
configure:13233: result: no (few)
configure:13313: checking whether to enable mod_cache_socache
configure:13374: result: no (few)
configure:13457: checking whether to enable mod_socache_shmcb
configure:13518: result: no (few)
configure:13598: checking whether to enable mod_socache_dbm
configure:13659: result: no (few)
configure:13739: checking whether to enable mod_socache_memcache
configure:13800: result: no (few)
configure:13880: checking whether to enable mod_socache_redis
configure:13941: result: no (few)
configure:14021: checking whether to enable mod_socache_dc
configure:14395: result: no
configure:14613: checking whether to enable mod_so
configure:14674: result: static
configure:14755: checking whether to enable mod_watchdog
configure:14857: result: no (few)
configure:14938: checking whether to enable mod_macro
configure:14999: result: no (few)
configure:15134: checking whether to enable mod_dbd
configure:15195: result: no (few)
configure:15330: checking whether to enable mod_bucketeer
configure:15391: result: no
configure:15471: checking whether to enable mod_dumpio
configure:15532: result: no (few)
configure:15646: checking whether to enable mod_echo
configure:15707: result: no
configure:15820: checking whether to enable mod_example_hooks
configure:15881: result: no
configure:15961: checking whether to enable mod_case_filter
configure:16022: result: no
configure:16102: checking whether to enable mod_case_filter_in
configure:16163: result: no
configure:16243: checking whether to enable mod_example_ipc
configure:16304: result: no
configure:16450: checking whether to enable mod_buffer
configure:16511: result: no (few)
configure:16591: checking whether to enable mod_data
configure:16652: result: no
configure:16732: checking whether to enable mod_ratelimit
configure:16793: result: no (few)
configure:16873: checking whether to enable mod_reqtimeout
configure:16934: result: static
configure:17014: checking whether to enable mod_ext_filter
configure:17075: result: no (few)
configure:17155: checking whether to enable mod_request
configure:17216: result: no (few)
configure:17296: checking whether to enable mod_include
configure:17357: result: no (few)
configure:17437: checking whether to enable mod_filter
configure:17498: result: static
configure:17578: checking whether to enable mod_reflector
configure:17639: result: no
configure:17719: checking whether to enable mod_substitute
configure:17780: result: no (few)
configure:17862: checking whether to enable mod_sed
configure:17962: result: no (few)
configure:18188: checking whether to enable mod_charset_lite
configure:18249: result: no
configure:18332: checking whether to enable mod_deflate
configure:18676: result: no (few)
configure:18759: checking whether to enable mod_xml2enc
configure:18916: result: no
configure:18996: checking whether to enable mod_proxy_html
configure:19154: result: no
configure:19235: checking whether to enable mod_brotli
configure:19461: result: no (few)
configure:19604: checking whether to enable mod_http
configure:19665: result: static
configure:19745: checking whether to enable mod_mime
configure:19806: result: static
configure:19921: checking whether to enable mod_ldap
configure:20061: result: no (few)
configure:20197: checking whether to enable mod_log_config
configure:20258: result: static
configure:20338: checking whether to enable mod_log_debug
configure:20399: result: no (few)
configure:20479: checking whether to enable mod_log_forensic
configure:20540: result: no
configure:20646: checking whether to enable mod_logio
configure:20707: result: no (few)
configure:20848: checking whether to enable mod_lua
configure:22250: result: no
configure:22386: checking whether to enable mod_env
configure:22447: result: static
configure:22527: checking whether to enable mod_mime_magic
configure:22588: result: no
configure:22668: checking whether to enable mod_cern_meta
configure:22729: result: no
configure:22809: checking whether to enable mod_expires
configure:22870: result: no (few)
configure:22950: checking whether to enable mod_headers
configure:23011: result: static
configure:23091: checking whether to enable mod_ident
configure:23152: result: no
configure:23233: checking whether to enable mod_usertrack
configure:23331: result: no
configure:23412: checking whether to enable mod_unique_id
configure:23473: result: no (few)
configure:23553: checking whether to enable mod_setenvif
configure:23614: result: static
configure:23694: checking whether to enable mod_version
configure:23755: result: static
configure:23835: checking whether to enable mod_remoteip
configure:23896: result: no (few)
configure:24010: checking whether to enable mod_proxy
configure:24071: result: no (few)
configure:24189: checking whether to enable mod_proxy_connect
configure:24271: result: no (few)
configure:24351: checking whether to enable mod_proxy_ftp
configure:24433: result: no (few)
configure:24513: checking whether to enable mod_proxy_http
configure:24595: result: no (few)
configure:24675: checking whether to enable mod_proxy_fcgi
configure:24757: result: no (few)
configure:24837: checking whether to enable mod_proxy_scgi
configure:24919: result: no (few)
configure:24999: checking whether to enable mod_proxy_uwsgi
configure:25081: result: no (few)
configure:25161: checking whether to enable mod_proxy_fdpass
configure:25258: result: no (few)
configure:25338: checking whether to enable mod_proxy_wstunnel
configure:25420: result: no (few)
configure:25500: checking whether to enable mod_proxy_ajp
configure:25582: result: no (few)
configure:25662: checking whether to enable mod_proxy_balancer
configure:25744: result: no (few)
configure:25825: checking whether to enable mod_proxy_express
configure:25907: result: no (few)
configure:25987: checking whether to enable mod_proxy_hcheck
configure:26077: result: no (few)
configure:26238: checking whether to enable mod_session
configure:26299: result: no (few)
configure:26379: checking whether to enable mod_session_cookie
configure:26461: result: no (few)
configure:26564: gcc -c   -march=skylake -g -ggdb -fno-builtin -fno-inline -O2  -DLINUX -D_REENTRANT -D_GNU_SOURCE  -I/home/sh/rca_httpd/httpd/apr-1.6.5/include   -I/home/sh/rca_httpd/httpd/apr-util-1.6.3/include  conftest.c >&5
conftest.c: In function 'main':
conftest.c:51:2: error: #error no crypto support
   51 | #error no crypto support
      |  ^~~~~
configure:26564: $? = 1
configure: failed program was:
| /* confdefs.h */
| #define PACKAGE_NAME ""
| #define PACKAGE_TARNAME ""
| #define PACKAGE_VERSION ""
| #define PACKAGE_STRING ""
| #define PACKAGE_BUGREPORT ""
| #define PACKAGE_URL ""
| #define STDC_HEADERS 1
| #define HAVE_SYS_TYPES_H 1
| #define HAVE_SYS_STAT_H 1
| #define HAVE_STDLIB_H 1
| #define HAVE_STRING_H 1
| #define HAVE_MEMORY_H 1
| #define HAVE_STRINGS_H 1
| #define HAVE_INTTYPES_H 1
| #define HAVE_STDINT_H 1
| #define HAVE_UNISTD_H 1
| #define __EXTENSIONS__ 1
| #define _ALL_SOURCE 1
| #define _GNU_SOURCE 1
| #define _POSIX_PTHREAD_SEMANTICS 1
| #define _TANDEM_SOURCE 1
| #define STDC_HEADERS 1
| #define HAVE_STRING_H 1
| #define HAVE_LIMITS_H 1
| #define HAVE_UNISTD_H 1
| #define HAVE_SYS_SOCKET_H 1
| #define HAVE_PWD_H 1
| #define HAVE_GRP_H 1
| #define HAVE_STRINGS_H 1
| #define HAVE_SYS_PRCTL_H 1
| #define HAVE_SYS_SEM_H 1
| #define HAVE_SYS_WAIT_H 1
| #define HAVE_GETPWNAM 1
| #define HAVE_GETGRNAM 1
| #define HAVE_INITGROUPS 1
| #define HAVE_PRCTL 1
| #define HAVE_TIMEGM 1
| #define HAVE_GETPGID 1
| #define HAVE_FOPEN64 1
| #define HAVE_GETLOADAVG 1
| #define HAVE_GETTID 1
| #define HAVE_GMTOFF 1
| /* end confdefs.h.  */
| #include <apr_crypto.h>
| int
| main ()
| {
| 
| #if APU_HAVE_CRYPTO == 0
| #error no crypto support
| #endif
| 
|   ;
|   return 0;
| }
configure:26572: WARNING: Your APR does not include SSL/EVP support. To enable it: configure --with-crypto
configure:26581: checking whether to enable mod_session_crypto
configure:26667: result: no
configure:26748: checking whether to enable mod_session_dbd
configure:26830: result: no (few)
configure:26967: checking whether to enable mod_slotmem_shm
configure:27028: result: no (few)
configure:27108: checking whether to enable mod_slotmem_plain
configure:27169: result: no
configure:27283: checking whether to enable mod_ssl
configure:27952: result: no (few)
configure:28089: checking whether to enable mod_optional_hook_export
configure:28150: result: no
configure:28230: checking whether to enable mod_optional_hook_import
configure:28291: result: no
configure:28371: checking whether to enable mod_optional_fn_import
configure:28432: result: no
configure:28512: checking whether to enable mod_optional_fn_export
configure:28573: result: no
configure:28654: checking whether to enable mod_dialup
configure:28715: result: no
configure:28836: checking for target platform
configure:28861: result: unix
configure:28893: checking for rlim_t
configure:28914: gcc -c   -march=skylake -g -ggdb -fno-builtin -fno-inline -O2  -DLINUX -D_REENTRANT -D_GNU_SOURCE conftest.c >&5
configure:28914: $? = 0
configure:28925: result: yes
configure:28937: checking sys/time.h usability
configure:28937: gcc -c   -march=skylake -g -ggdb -fno-builtin -fno-inline -O2  -DLINUX -D_REENTRANT -D_GNU_SOURCE conftest.c >&5
configure:28937: $? = 0
configure:28937: result: yes
configure:28937: checking sys/time.h presence
configure:28937: gcc -E  -DLINUX -D_REENTRANT -D_GNU_SOURCE conftest.c
configure:28937: $? = 0
configure:28937: result: yes
configure:28937: checking for sys/time.h
configure:28937: result: yes
configure:28937: checking sys/resource.h usability
configure:28937: gcc -c   -march=skylake -g -ggdb -fno-builtin -fno-inline -O2  -DLINUX -D_REENTRANT -D_GNU_SOURCE conftest.c >&5
configure:28937: $? = 0
configure:28937: result: yes
configure:28937: checking sys/resource.h presence
configure:28937: gcc -E  -DLINUX -D_REENTRANT -D_GNU_SOURCE conftest.c
configure:28937: $? = 0
configure:28937: result: yes
configure:28937: checking for sys/resource.h
configure:28937: result: yes
configure:28937: checking for sys/sem.h
configure:28937: result: yes
configure:28937: checking sys/ipc.h usability
configure:28937: gcc -c   -march=skylake -g -ggdb -fno-builtin -fno-inline -O2  -DLINUX -D_REENTRANT -D_GNU_SOURCE conftest.c >&5
configure:28937: $? = 0
configure:28937: result: yes
configure:28937: checking sys/ipc.h presence
configure:28937: gcc -E  -DLINUX -D_REENTRANT -D_GNU_SOURCE conftest.c
configure:28937: $? = 0
configure:28937: result: yes
configure:28937: checking for sys/ipc.h
configure:28937: result: yes
configure:28951: checking for setsid
configure:28951: gcc -o conftest   -march=skylake -g -ggdb -fno-builtin -fno-inline -O2  -DLINUX -D_REENTRANT -D_GNU_SOURCE   -march=skylake -g -ggdb -fno-builtin -fno-inline conftest.c -L/home/sh/rca_httpd/httpd/apr-1.6.5/.libs -L/home/sh/rca_httpd/httpd/apr-util-1.6.3/.libs -L/home/sh/rca_httpd/httpd/pcre-8.00/.libs  >&5
configure:28951: $? = 0
configure:28951: result: yes
configure:28951: checking for killpg
configure:28951: gcc -o conftest   -march=skylake -g -ggdb -fno-builtin -fno-inline -O2  -DLINUX -D_REENTRANT -D_GNU_SOURCE   -march=skylake -g -ggdb -fno-builtin -fno-inline conftest.c -L/home/sh/rca_httpd/httpd/apr-1.6.5/.libs -L/home/sh/rca_httpd/httpd/apr-util-1.6.3/.libs -L/home/sh/rca_httpd/httpd/pcre-8.00/.libs  >&5
configure:28951: $? = 0
configure:28951: result: yes
configure:28967: checking bstring.h usability
configure:28967: gcc -c   -march=skylake -g -ggdb -fno-builtin -fno-inline -O2  -DLINUX -D_REENTRANT -D_GNU_SOURCE conftest.c >&5
conftest.c:84:10: fatal error: bstring.h: No such file or directory
   84 | #include <bstring.h>
      |          ^~~~~~~~~~~
compilation terminated.
configure:28967: $? = 1
configure: failed program was:
| /* confdefs.h */
| #define PACKAGE_NAME ""
| #define PACKAGE_TARNAME ""
| #define PACKAGE_VERSION ""
| #define PACKAGE_STRING ""
| #define PACKAGE_BUGREPORT ""
| #define PACKAGE_URL ""
| #define STDC_HEADERS 1
| #define HAVE_SYS_TYPES_H 1
| #define HAVE_SYS_STAT_H 1
| #define HAVE_STDLIB_H 1
| #define HAVE_STRING_H 1
| #define HAVE_MEMORY_H 1
| #define HAVE_STRINGS_H 1
| #define HAVE_INTTYPES_H 1
| #define HAVE_STDINT_H 1
| #define HAVE_UNISTD_H 1
| #define __EXTENSIONS__ 1
| #define _ALL_SOURCE 1
| #define _GNU_SOURCE 1
| #define _POSIX_PTHREAD_SEMANTICS 1
| #define _TANDEM_SOURCE 1
| #define STDC_HEADERS 1
| #define HAVE_STRING_H 1
| #define HAVE_LIMITS_H 1
| #define HAVE_UNISTD_H 1
| #define HAVE_SYS_SOCKET_H 1
| #define HAVE_PWD_H 1
| #define HAVE_GRP_H 1
| #define HAVE_STRINGS_H 1
| #define HAVE_SYS_PRCTL_H 1
| #define HAVE_SYS_SEM_H 1
| #define HAVE_SYS_WAIT_H 1
| #define HAVE_GETPWNAM 1
| #define HAVE_GETGRNAM 1
| #define HAVE_INITGROUPS 1
| #define HAVE_PRCTL 1
| #define HAVE_TIMEGM 1
| #define HAVE_GETPGID 1
| #define HAVE_FOPEN64 1
| #define HAVE_GETLOADAVG 1
| #define HAVE_GETTID 1
| #define HAVE_GMTOFF 1
| #define HAVE_SYS_TIME_H 1
| #define HAVE_SYS_RESOURCE_H 1
| #define HAVE_SYS_SEM_H 1
| #define HAVE_SYS_IPC_H 1
| #define HAVE_SETSID 1
| #define HAVE_KILLPG 1
| /* end confdefs.h.  */
| #include <stdio.h>
| #ifdef HAVE_SYS_TYPES_H
| # include <sys/types.h>
| #endif
| #ifdef HAVE_SYS_STAT_H
| # include <sys/stat.h>
| #endif
| #ifdef STDC_HEADERS
| # include <stdlib.h>
| # include <stddef.h>
| #else
| # ifdef HAVE_STDLIB_H
| #  include <stdlib.h>
| # endif
| #endif
| #ifdef HAVE_STRING_H
| # if !defined STDC_HEADERS && defined HAVE_MEMORY_H
| #  include <memory.h>
| # endif
| # include <string.h>
| #endif
| #ifdef HAVE_STRINGS_H
| # include <strings.h>
| #endif
| #ifdef HAVE_INTTYPES_H
| # include <inttypes.h>
| #endif
| #ifdef HAVE_STDINT_H
| # include <stdint.h>
| #endif
| #ifdef HAVE_UNISTD_H
| # include <unistd.h>
| #endif
| #include <bstring.h>
configure:28967: result: no
configure:28967: checking bstring.h presence
configure:28967: gcc -E  -DLINUX -D_REENTRANT -D_GNU_SOURCE conftest.c
conftest.c:51:10: fatal error: bstring.h: No such file or directory
   51 | #include <bstring.h>
      |          ^~~~~~~~~~~
compilation terminated.
configure:28967: $? = 1
configure: failed program was:
| /* confdefs.h */
| #define PACKAGE_NAME ""
| #define PACKAGE_TARNAME ""
| #define PACKAGE_VERSION ""
| #define PACKAGE_STRING ""
| #define PACKAGE_BUGREPORT ""
| #define PACKAGE_URL ""
| #define STDC_HEADERS 1
| #define HAVE_SYS_TYPES_H 1
| #define HAVE_SYS_STAT_H 1
| #define HAVE_STDLIB_H 1
| #define HAVE_STRING_H 1
| #define HAVE_MEMORY_H 1
| #define HAVE_STRINGS_H 1
| #define HAVE_INTTYPES_H 1
| #define HAVE_STDINT_H 1
| #define HAVE_UNISTD_H 1
| #define __EXTENSIONS__ 1
| #define _ALL_SOURCE 1
| #define _GNU_SOURCE 1
| #define _POSIX_PTHREAD_SEMANTICS 1
| #define _TANDEM_SOURCE 1
| #define STDC_HEADERS 1
| #define HAVE_STRING_H 1
| #define HAVE_LIMITS_H 1
| #define HAVE_UNISTD_H 1
| #define HAVE_SYS_SOCKET_H 1
| #define HAVE_PWD_H 1
| #define HAVE_GRP_H 1
| #define HAVE_STRINGS_H 1
| #define HAVE_SYS_PRCTL_H 1
| #define HAVE_SYS_SEM_H 1
| #define HAVE_SYS_WAIT_H 1
| #define HAVE_GETPWNAM 1
| #define HAVE_GETGRNAM 1
| #define HAVE_INITGROUPS 1
| #define HAVE_PRCTL 1
| #define HAVE_TIMEGM 1
| #define HAVE_GETPGID 1
| #define HAVE_FOPEN64 1
| #define HAVE_GETLOADAVG 1
| #define HAVE_GETTID 1
| #define HAVE_GMTOFF 1
| #define HAVE_SYS_TIME_H 1
| #define HAVE_SYS_RESOURCE_H 1
| #define HAVE_SYS_SEM_H 1
| #define HAVE_SYS_IPC_H 1
| #define HAVE_SETSID 1
| #define HAVE_KILLPG 1
| /* end confdefs.h.  */
| #include <bstring.h>
configure:28967: result: no
configure:28967: checking for bstring.h
configure:28967: result: no
configure:28967: checking for unistd.h
configure:28967: result: yes
configure:28982: checking for syslog
configure:28982: gcc -o conftest   -march=skylake -g -ggdb -fno-builtin -fno-inline -O2  -DLINUX -D_REENTRANT -D_GNU_SOURCE   -march=skylake -g -ggdb -fno-builtin -fno-inline conftest.c -L/home/sh/rca_httpd/httpd/apr-1.6.5/.libs -L/home/sh/rca_httpd/httpd/apr-util-1.6.3/.libs -L/home/sh/rca_httpd/httpd/pcre-8.00/.libs  >&5
configure:28982: $? = 0
configure:28982: result: yes
configure:28994: checking sys/times.h usability
configure:28994: gcc -c   -march=skylake -g -ggdb -fno-builtin -fno-inline -O2  -DLINUX -D_REENTRANT -D_GNU_SOURCE conftest.c >&5
configure:28994: $? = 0
configure:28994: result: yes
configure:28994: checking sys/times.h presence
configure:28994: gcc -E  -DLINUX -D_REENTRANT -D_GNU_SOURCE conftest.c
configure:28994: $? = 0
configure:28994: result: yes
configure:28994: checking for sys/times.h
configure:28994: result: yes
configure:29006: checking for times
configure:29006: gcc -o conftest   -march=skylake -g -ggdb -fno-builtin -fno-inline -O2  -DLINUX -D_REENTRANT -D_GNU_SOURCE   -march=skylake -g -ggdb -fno-builtin -fno-inline conftest.c -L/home/sh/rca_httpd/httpd/apr-1.6.5/.libs -L/home/sh/rca_httpd/httpd/apr-util-1.6.3/.libs -L/home/sh/rca_httpd/httpd/pcre-8.00/.libs  >&5
configure:29006: $? = 0
configure:29006: result: yes
configure:29075: checking whether APR supports thread-safe pollsets
configure:29094: checking for kqueue
configure:29094: gcc -o conftest   -march=skylake -g -ggdb -fno-builtin -fno-inline -O2  -DLINUX -D_REENTRANT -D_GNU_SOURCE   -march=skylake -g -ggdb -fno-builtin -fno-inline conftest.c -L/home/sh/rca_httpd/httpd/apr-1.6.5/.libs -L/home/sh/rca_httpd/httpd/apr-util-1.6.3/.libs -L/home/sh/rca_httpd/httpd/pcre-8.00/.libs  >&5
/usr/bin/ld: /tmp/ccGAXL4E.o: in function `main':
/home/sh/rca_httpd/httpd/httpd-2.4.49/conftest.c:89: undefined reference to `kqueue'
collect2: error: ld returned 1 exit status
configure:29094: $? = 1
configure: failed program was:
| /* confdefs.h */
| #define PACKAGE_NAME ""
| #define PACKAGE_TARNAME ""
| #define PACKAGE_VERSION ""
| #define PACKAGE_STRING ""
| #define PACKAGE_BUGREPORT ""
| #define PACKAGE_URL ""
| #define STDC_HEADERS 1
| #define HAVE_SYS_TYPES_H 1
| #define HAVE_SYS_STAT_H 1
| #define HAVE_STDLIB_H 1
| #define HAVE_STRING_H 1
| #define HAVE_MEMORY_H 1
| #define HAVE_STRINGS_H 1
| #define HAVE_INTTYPES_H 1
| #define HAVE_STDINT_H 1
| #define HAVE_UNISTD_H 1
| #define __EXTENSIONS__ 1
| #define _ALL_SOURCE 1
| #define _GNU_SOURCE 1
| #define _POSIX_PTHREAD_SEMANTICS 1
| #define _TANDEM_SOURCE 1
| #define STDC_HEADERS 1
| #define HAVE_STRING_H 1
| #define HAVE_LIMITS_H 1
| #define HAVE_UNISTD_H 1
| #define HAVE_SYS_SOCKET_H 1
| #define HAVE_PWD_H 1
| #define HAVE_GRP_H 1
| #define HAVE_STRINGS_H 1
| #define HAVE_SYS_PRCTL_H 1
| #define HAVE_SYS_SEM_H 1
| #define HAVE_SYS_WAIT_H 1
| #define HAVE_GETPWNAM 1
| #define HAVE_GETGRNAM 1
| #define HAVE_INITGROUPS 1
| #define HAVE_PRCTL 1
| #define HAVE_TIMEGM 1
| #define HAVE_GETPGID 1
| #define HAVE_FOPEN64 1
| #define HAVE_GETLOADAVG 1
| #define HAVE_GETTID 1
| #define HAVE_GMTOFF 1
| #define HAVE_SYS_TIME_H 1
| #define HAVE_SYS_RESOURCE_H 1
| #define HAVE_SYS_SEM_H 1
| #define HAVE_SYS_IPC_H 1
| #define HAVE_SETSID 1
| #define HAVE_KILLPG 1
| #define HAVE_UNISTD_H 1
| #define HAVE_SYSLOG 1
| #define HAVE_SYS_TIMES_H 1
| #define HAVE_TIMES 1
| /* end confdefs.h.  */
| /* Define kqueue to an innocuous variant, in case <limits.h> declares kqueue.
|    For example, HP-UX 11i <limits.h> declares gettimeofday.  */
| #define kqueue innocuous_kqueue
| 
| /* System header to define __stub macros and hopefully few prototypes,
|     which can conflict with char kqueue (); below.
|     Prefer <limits.h> to <assert.h> if __STDC__ is defined, since
|     <limits.h> exists even on freestanding compilers.  */
| 
| #ifdef __STDC__
| # include <limits.h>
| #else
| # include <assert.h>
| #endif
| 
| #undef kqueue
| 
| /* Override any GCC internal prototype to avoid an error.
|    Use char because int might match the return type of a GCC
|    builtin and then its argument prototype would still apply.  */
| #ifdef __cplusplus
| extern "C"
| #endif
| char kqueue ();
| /* The GNU C library defines this for functions which it implements
|     to always fail with ENOSYS.  Some functions are actually named
|     something starting with __ and the normal name is an alias.  */
| #if defined __stub_kqueue || defined __stub___kqueue
| choke me
| #endif
| 
| int
| main ()
| {
| return kqueue ();
|   ;
|   return 0;
| }
configure:29094: result: no
configure:29094: checking for port_create
configure:29094: gcc -o conftest   -march=skylake -g -ggdb -fno-builtin -fno-inline -O2  -DLINUX -D_REENTRANT -D_GNU_SOURCE   -march=skylake -g -ggdb -fno-builtin -fno-inline conftest.c -L/home/sh/rca_httpd/httpd/apr-1.6.5/.libs -L/home/sh/rca_httpd/httpd/apr-util-1.6.3/.libs -L/home/sh/rca_httpd/httpd/pcre-8.00/.libs  >&5
/usr/bin/ld: /tmp/ccuIHmIe.o: in function `main':
/home/sh/rca_httpd/httpd/httpd-2.4.49/conftest.c:89: undefined reference to `port_create'
collect2: error: ld returned 1 exit status
configure:29094: $? = 1
configure: failed program was:
| /* confdefs.h */
| #define PACKAGE_NAME ""
| #define PACKAGE_TARNAME ""
| #define PACKAGE_VERSION ""
| #define PACKAGE_STRING ""
| #define PACKAGE_BUGREPORT ""
| #define PACKAGE_URL ""
| #define STDC_HEADERS 1
| #define HAVE_SYS_TYPES_H 1
| #define HAVE_SYS_STAT_H 1
| #define HAVE_STDLIB_H 1
| #define HAVE_STRING_H 1
| #define HAVE_MEMORY_H 1
| #define HAVE_STRINGS_H 1
| #define HAVE_INTTYPES_H 1
| #define HAVE_STDINT_H 1
| #define HAVE_UNISTD_H 1
| #define __EXTENSIONS__ 1
| #define _ALL_SOURCE 1
| #define _GNU_SOURCE 1
| #define _POSIX_PTHREAD_SEMANTICS 1
| #define _TANDEM_SOURCE 1
| #define STDC_HEADERS 1
| #define HAVE_STRING_H 1
| #define HAVE_LIMITS_H 1
| #define HAVE_UNISTD_H 1
| #define HAVE_SYS_SOCKET_H 1
| #define HAVE_PWD_H 1
| #define HAVE_GRP_H 1
| #define HAVE_STRINGS_H 1
| #define HAVE_SYS_PRCTL_H 1
| #define HAVE_SYS_SEM_H 1
| #define HAVE_SYS_WAIT_H 1
| #define HAVE_GETPWNAM 1
| #define HAVE_GETGRNAM 1
| #define HAVE_INITGROUPS 1
| #define HAVE_PRCTL 1
| #define HAVE_TIMEGM 1
| #define HAVE_GETPGID 1
| #define HAVE_FOPEN64 1
| #define HAVE_GETLOADAVG 1
| #define HAVE_GETTID 1
| #define HAVE_GMTOFF 1
| #define HAVE_SYS_TIME_H 1
| #define HAVE_SYS_RESOURCE_H 1
| #define HAVE_SYS_SEM_H 1
| #define HAVE_SYS_IPC_H 1
| #define HAVE_SETSID 1
| #define HAVE_KILLPG 1
| #define HAVE_UNISTD_H 1
| #define HAVE_SYSLOG 1
| #define HAVE_SYS_TIMES_H 1
| #define HAVE_TIMES 1
| /* end confdefs.h.  */
| /* Define port_create to an innocuous variant, in case <limits.h> declares port_create.
|    For example, HP-UX 11i <limits.h> declares gettimeofday.  */
| #define port_create innocuous_port_create
| 
| /* System header to define __stub macros and hopefully few prototypes,
|     which can conflict with char port_create (); below.
|     Prefer <limits.h> to <assert.h> if __STDC__ is defined, since
|     <limits.h> exists even on freestanding compilers.  */
| 
| #ifdef __STDC__
| # include <limits.h>
| #else
| # include <assert.h>
| #endif
| 
| #undef port_create
| 
| /* Override any GCC internal prototype to avoid an error.
|    Use char because int might match the return type of a GCC
|    builtin and then its argument prototype would still apply.  */
| #ifdef __cplusplus
| extern "C"
| #endif
| char port_create ();
| /* The GNU C library defines this for functions which it implements
|     to always fail with ENOSYS.  Some functions are actually named
|     something starting with __ and the normal name is an alias.  */
| #if defined __stub_port_create || defined __stub___port_create
| choke me
| #endif
| 
| int
| main ()
| {
| return port_create ();
|   ;
|   return 0;
| }
configure:29094: result: no
configure:29094: checking for epoll_create
configure:29094: gcc -o conftest   -march=skylake -g -ggdb -fno-builtin -fno-inline -O2  -DLINUX -D_REENTRANT -D_GNU_SOURCE   -march=skylake -g -ggdb -fno-builtin -fno-inline conftest.c -L/home/sh/rca_httpd/httpd/apr-1.6.5/.libs -L/home/sh/rca_httpd/httpd/apr-util-1.6.3/.libs -L/home/sh/rca_httpd/httpd/pcre-8.00/.libs  >&5
configure:29094: $? = 0
configure:29094: result: yes
configure:29110: result: yes
configure:29177: checking if event MPM supports this platform
configure:29195: result: yes
configure:29210: checking if mpmt_os2 MPM supports this platform
configure:29229: result: no
configure:29234: checking if prefork MPM supports this platform
configure:29240: result: yes
configure:29255: checking if WinNT MPM supports this platform
configure:29274: result: no
configure:29279: checking if worker MPM supports this platform
configure:29291: result: yes
configure:30147: checking whether to enable mod_http2
configure:31397: result: no (few)
configure:31486: checking whether to enable mod_proxy_http2
configure:32155: result: no
configure:32301: checking whether to enable mod_md
configure:33850: result: no (few)
configure:33963: checking whether to enable mod_lbmethod_byrequests
configure:34045: result: no
configure:34125: checking whether to enable mod_lbmethod_bytraffic
configure:34207: result: no
configure:34287: checking whether to enable mod_lbmethod_bybusyness
configure:34369: result: no
configure:34449: checking whether to enable mod_lbmethod_heartbeat
configure:34531: result: no
configure:34630: checking which MPM to use by default
configure:34637: result: event
configure:34835: checking for pthread_kill
configure:34835: gcc -o conftest   -march=skylake -g -ggdb -fno-builtin -fno-inline -O2  -DLINUX -D_REENTRANT -D_GNU_SOURCE   -march=skylake -g -ggdb -fno-builtin -fno-inline conftest.c -L/home/sh/rca_httpd/httpd/apr-1.6.5/.libs -L/home/sh/rca_httpd/httpd/apr-util-1.6.3/.libs -L/home/sh/rca_httpd/httpd/pcre-8.00/.libs  >&5
configure:34835: $? = 0
configure:34835: result: yes
configure:35097: checking whether to enable mod_unixd
configure:35158: result: static
configure:35238: checking whether to enable mod_privileges
configure:35332: result: no
configure:35413: checking whether to enable mod_systemd
configure:35515: result: no
configure:35661: checking whether to enable mod_heartbeat
configure:35743: result: no
configure:35823: checking whether to enable mod_heartmonitor
configure:35884: result: no
configure:36005: checking whether to enable mod_dav
configure:36066: result: no (few)
configure:36206: checking whether to enable mod_status
configure:36267: result: static
configure:36347: checking whether to enable mod_autoindex
configure:36408: result: static
configure:36488: checking whether to enable mod_asis
configure:36549: result: no
configure:36629: checking whether to enable mod_info
configure:36690: result: no (few)
configure:36770: checking whether to enable mod_suexec
configure:36845: result: no
configure:36941: checking whether to enable mod_cgid
configure:37052: result: no (few)
configure:37132: checking whether to enable mod_cgi
configure:37193: result: no
configure:37721: checking whether to enable mod_dav_fs
configure:37803: result: no
configure:37926: checking whether to enable mod_dav_lock
configure:38008: result: no
configure:38107: checking for extra modules
configure:38166: result: none
configure:38187: checking whether to enable mod_vhost_alias
configure:38248: result: no (few)
configure:38328: checking whether to enable mod_negotiation
configure:38389: result: no (few)
configure:38469: checking whether to enable mod_dir
configure:38530: result: static
configure:38610: checking whether to enable mod_imagemap
configure:38671: result: no
configure:38751: checking whether to enable mod_actions
configure:38812: result: no (few)
configure:38892: checking whether to enable mod_speling
configure:38953: result: no (few)
configure:39033: checking whether to enable mod_userdir
configure:39094: result: no (few)
configure:39174: checking whether to enable mod_alias
configure:39235: result: static
configure:39315: checking whether to enable mod_rewrite
configure:39376: result: no (few)
configure:39942: 
configure:39944: Restore user-defined environment settings...
configure:39946: 
configure:40071: 
configure:40073: Construct makefiles and header files...
configure:40075: 
configure:40406: creating config_vars.mk
configure:40581: creating ./config.status

## ---------------------- ##
## Running config.status. ##
## ---------------------- ##

This file was extended by config.status, which was
generated by GNU Autoconf 2.69.  Invocation command line was

  CONFIG_FILES    = 
  CONFIG_HEADERS  = 
  CONFIG_LINKS    = 
  CONFIG_COMMANDS = 
  $ ./config.status 

on HangShu

config.status:1191: creating docs/conf/httpd.conf
config.status:1191: creating docs/conf/extra/httpd-autoindex.conf
config.status:1191: creating docs/conf/extra/httpd-dav.conf
config.status:1191: creating docs/conf/extra/httpd-default.conf
config.status:1191: creating docs/conf/extra/httpd-info.conf
config.status:1191: creating docs/conf/extra/httpd-languages.conf
config.status:1191: creating docs/conf/extra/httpd-manual.conf
config.status:1191: creating docs/conf/extra/httpd-mpm.conf
config.status:1191: creating docs/conf/extra/httpd-multilang-errordoc.conf
config.status:1191: creating docs/conf/extra/httpd-ssl.conf
config.status:1191: creating docs/conf/extra/httpd-userdir.conf
config.status:1191: creating docs/conf/extra/httpd-vhosts.conf
config.status:1191: creating docs/conf/extra/proxy-html.conf
config.status:1191: creating include/ap_config_layout.h
config.status:1191: creating support/apxs
config.status:1191: creating support/apachectl
config.status:1191: creating support/dbmmanage
config.status:1191: creating support/envvars-std
config.status:1191: creating support/log_server_status
config.status:1191: creating support/logresolve.pl
config.status:1191: creating support/phf_abuse_log.cgi
config.status:1191: creating support/split-logfile
config.status:1191: creating build/rules.mk
config.status:1191: creating build/pkg/pkginfo
config.status:1191: creating build/config_vars.sh
config.status:1191: creating include/ap_config_auto.h
config.status:1361: include/ap_config_auto.h is unchanged
config.status:1375: executing default commands
configure:41794: summary of build options:

    Server Version: 2.4.49
    Install prefix: /home/sh/httpd-2.4.49-trace
    C compiler:     gcc
    CFLAGS:           -march=skylake -g -ggdb -fno-builtin -fno-inline -O2  
    CPPFLAGS:        -DLINUX -D_REENTRANT -D_GNU_SOURCE  
    LDFLAGS:          -march=skylake -g -ggdb -fno-builtin -fno-inline  
    LIBS:           -L/home/sh/rca_httpd/httpd/apr-1.6.5/.libs -L/home/sh/rca_httpd/httpd/apr-util-1.6.3/.libs -L/home/sh/rca_httpd/httpd/pcre-8.00/.libs   
    C preprocessor: gcc -E


## ---------------- ##
## Cache variables. ##
## ---------------- ##

ac_cv_build=x86_64-pc-linux-gnu
ac_cv_c_compiler_gnu=yes
ac_cv_c_const=yes
ac_cv_define_APR_HAS_DSO=yes
ac_cv_define_APR_HAS_THREADS=yes
ac_cv_define_APR_HAVE_IPV6=yes
ac_cv_env_CC_set=
ac_cv_env_CC_value=
ac_cv_env_CFLAGS_set=set
ac_cv_env_CFLAGS_value='  -march=skylake -g -ggdb -fno-builtin -fno-inline'
ac_cv_env_CPPFLAGS_set=
ac_cv_env_CPPFLAGS_value=
ac_cv_env_CPP_set=
ac_cv_env_CPP_value=
ac_cv_env_LDFLAGS_set=set
ac_cv_env_LDFLAGS_value='  -march=skylake -g -ggdb -fno-builtin -fno-inline'
ac_cv_env_LIBS_set=set
ac_cv_env_LIBS_value='-L/home/sh/rca_httpd/httpd/apr-1.6.5/.libs -L/home/sh/rca_httpd/httpd/apr-util-1.6.3/.libs -L/home/sh/rca_httpd/httpd/pcre-8.00/.libs '
ac_cv_env_build_alias_set=
ac_cv_env_build_alias_value=
ac_cv_env_host_alias_set=
ac_cv_env_host_alias_value=
ac_cv_env_target_alias_set=
ac_cv_env_target_alias_value=
ac_cv_func_bindprocessor=no
ac_cv_func_epoll_create=yes
ac_cv_func_fopen64=yes
ac_cv_func_getgrnam=yes
ac_cv_func_getloadavg=yes
ac_cv_func_getpgid=yes
ac_cv_func_getpwnam=yes
ac_cv_func_initgroups=yes
ac_cv_func_killpg=yes
ac_cv_func_kqueue=no
ac_cv_func_port_create=no
ac_cv_func_prctl=yes
ac_cv_func_pthread_kill=yes
ac_cv_func_setsid=yes
ac_cv_func_syslog=yes
ac_cv_func_timegm=yes
ac_cv_func_times=yes
ac_cv_gettid=yes
ac_cv_have_threadsafe_pollset=yes
ac_cv_header_bstring_h=no
ac_cv_header_grp_h=yes
ac_cv_header_inttypes_h=yes
ac_cv_header_limits_h=yes
ac_cv_header_memory_h=yes
ac_cv_header_minix_config_h=no
ac_cv_header_pwd_h=yes
ac_cv_header_stdc=yes
ac_cv_header_stdint_h=yes
ac_cv_header_stdlib_h=yes
ac_cv_header_string_h=yes
ac_cv_header_strings_h=yes
ac_cv_header_sys_ipc_h=yes
ac_cv_header_sys_loadavg_h=no
ac_cv_header_sys_prctl_h=yes
ac_cv_header_sys_processor_h=no
ac_cv_header_sys_resource_h=yes
ac_cv_header_sys_sdt_h=no
ac_cv_header_sys_sem_h=yes
ac_cv_header_sys_socket_h=yes
ac_cv_header_sys_stat_h=yes
ac_cv_header_sys_time_h=yes
ac_cv_header_sys_times_h=yes
ac_cv_header_sys_types_h=yes
ac_cv_header_sys_wait_h=yes
ac_cv_header_unistd_h=yes
ac_cv_host=x86_64-pc-linux-gnu
ac_cv_lib_systemd_daemon_sd_notify=no
ac_cv_mkdir_p=yes
ac_cv_objext=o
ac_cv_path_EGREP='/usr/bin/grep -E'
ac_cv_path_GREP=/usr/bin/grep
ac_cv_path_PCRE_CONFIG=false
ac_cv_path_RM=/usr/bin/rm
ac_cv_path_RSYNC=/usr/bin/rsync
ac_cv_prog_AWK=gawk
ac_cv_prog_CPP='gcc -E'
ac_cv_prog_ac_ct_CC=gcc
ac_cv_prog_ac_ct_RANLIB=ranlib
ac_cv_prog_cc_c89=
ac_cv_prog_cc_c99=
ac_cv_prog_cc_g=yes
ac_cv_safe_to_define___extensions__=yes
ac_cv_search_crypt=-lcrypt
ac_cv_search_sqrt=-lm
ac_cv_search_strerror='none required'
ac_cv_struct_tm_gmtoff=yes
ac_cv_target=x86_64-pc-linux-gnu
ac_cv_type_rlim_t=yes
ap_cv_aprver13=yes
ap_cv_apuver13=yes
ap_cv_void_ptr_lt_long=no

## ----------------- ##
## Output variables. ##
## ----------------- ##

APACHECTL_ULIMIT='ulimit -S -n `ulimit -H -n`'
APR_BINDIR='/home/sh/httpd-2.4.49-trace/bin'
APR_CONFIG='/home/sh/httpd-2.4.49-trace/bin/apr-1-config'
APR_INCLUDEDIR='/home/sh/rca_httpd/httpd/apr-1.6.5/include'
APR_VERSION='1.6.5'
APU_BINDIR='/home/sh/httpd-2.4.49-trace/bin'
APU_CONFIG='/home/sh/httpd-2.4.49-trace/bin/apu-1-config'
APU_INCLUDEDIR='/home/sh/rca_httpd/httpd/apr-util-1.6.3/include'
APU_VERSION='1.6.3'
AP_BUILD_SRCLIB_DIRS=''
AP_CLEAN_SRCLIB_DIRS=''
AP_LIBS='$(MOD_AUTHN_FILE_LDADD) $(MOD_AUTHN_CORE_LDADD) $(MOD_AUTHZ_HOST_LDADD) $(MOD_AUTHZ_GROUPFILE_LDADD) $(MOD_AUTHZ_USER_LDADD) $(MOD_AUTHZ_CORE_LDADD) $(MOD_ACCESS_COMPAT_LDADD) $(MOD_AUTH_BASIC_LDADD) $(MOD_SO_LDADD) $(MOD_REQTIMEOUT_LDADD) $(MOD_FILTER_LDADD) $(MOD_HTTP_LDADD) $(MOD_MIME_LDADD) $(MOD_LOG_CONFIG_LDADD) $(MOD_ENV_LDADD) $(MOD_HEADERS_LDADD) $(MOD_SETENVIF_LDADD) $(MOD_VERSION_LDADD) $(MOD_MPM_EVENT_LDADD) $(MOD_UNIXD_LDADD) $(MOD_STATUS_LDADD) $(MOD_AUTOINDEX_LDADD) $(MOD_DIR_LDADD) $(MOD_ALIAS_LDADD)  /home/sh/rca_httpd/httpd/apr-util-1.6.3/libaprutil-1.la     -lexpat  /home/sh/rca_httpd/httpd/apr-1.6.5/libapr-1.la -lcrypt  -lpthread'
AWK='gawk'
BUILTIN_LIBS=' modules/aaa/libmod_authn_file.la modules/aaa/libmod_authn_core.la modules/aaa/libmod_authz_host.la modules/aaa/libmod_authz_groupfile.la modules/aaa/libmod_authz_user.la modules/aaa/libmod_authz_core.la modules/aaa/libmod_access_compat.la modules/aaa/libmod_auth_basic.la modules/core/libmod_so.la modules/filters/libmod_reqtimeout.la modules/filters/libmod_filter.la modules/http/libmod_http.la modules/http/libmod_mime.la modules/loggers/libmod_log_config.la modules/metadata/libmod_env.la modules/metadata/libmod_headers.la modules/metadata/libmod_setenvif.la modules/metadata/libmod_version.la modules/arch/unix/libmod_unixd.la modules/generators/libmod_status.la modules/generators/libmod_autoindex.la modules/mappers/libmod_dir.la modules/mappers/libmod_alias.la'
CC='gcc'
CFLAGS='  -march=skylake -g -ggdb -fno-builtin -fno-inline'
CORE_IMPLIB=''
CORE_IMPLIB_FILE=''
CPP='gcc -E'
CPPFLAGS=''
CRYPT_LIBS='-lcrypt '
CXX=''
CXXFLAGS=''
DEFS='-DHAVE_CONFIG_H'
DSO_MODULES=''
DTRACE='true'
ECHO_C=''
ECHO_N='-n'
ECHO_T=''
EGREP='/usr/bin/grep -E'
ENABLED_DSO_MODULES=''
ENABLED_MPM_MODULE=''
EXEEXT=''
EXTRA_CFLAGS=' -O2'
EXTRA_CPPFLAGS=' -DLINUX -D_REENTRANT -D_GNU_SOURCE'
EXTRA_CXXFLAGS=''
EXTRA_INCLUDES='-I. -I$(top_srcdir)/os/$(OS_DIR) -I$(top_srcdir)/include -I/home/sh/rca_httpd/httpd/apr-1.6.5/include -I/home/sh/rca_httpd/httpd/apr-util-1.6.3/include -I/home/sh/httpd-2.4.49-trace/include -I$(top_srcdir)/modules/aaa -I$(top_srcdir)/modules/cache -I$(top_srcdir)/modules/core -I$(top_srcdir)/modules/database -I$(top_srcdir)/modules/filters -I$(top_srcdir)/modules/ldap -I$(top_srcdir)/modules/loggers -I$(top_srcdir)/modules/lua -I$(top_srcdir)/modules/proxy -I$(top_srcdir)/modules/http2 -I$(top_srcdir)/modules/session -I$(top_srcdir)/modules/ssl -I$(top_srcdir)/modules/test -I$(top_srcdir)/server -I$(top_srcdir)/modules/md -I$(top_srcdir)/modules/arch/unix -I$(top_srcdir)/modules/dav/main -I$(top_srcdir)/modules/generators -I$(top_srcdir)/modules/mappers'
EXTRA_LDFLAGS=''
EXTRA_LIBS=''
GREP='/usr/bin/grep'
HTTPD_LDFLAGS='-export-dynamic'
HTTPD_MMN='20120211'
HTTPD_VERSION='2.4.49'
INCLUDES=''
INSTALL='$(LIBTOOL) --mode=install $(abs_srcdir)/build/install.sh -c'
INSTALL_DSO='yes'
INSTALL_PROG_FLAGS=''
INSTALL_SUEXEC='setuid'
INTERNAL_CPPFLAGS=''
LDFLAGS='  -march=skylake -g -ggdb -fno-builtin -fno-inline'
LIBOBJS=''
LIBS='-L/home/sh/rca_httpd/httpd/apr-1.6.5/.libs -L/home/sh/rca_httpd/httpd/apr-util-1.6.3/.libs -L/home/sh/rca_httpd/httpd/pcre-8.00/.libs '
LIBTOOL='/home/sh/rca_httpd/httpd/apr-1.6.5/libtool $(LTFLAGS)'
LN_S='ln -s'
LOAD_ALL_MODULES='no'
LTCFLAGS='-prefer-non-pic -static'
LTFLAGS='--silent'
LTLIBOBJS=''
LT_LDFLAGS=''
LUA_CFLAGS=''
LUA_LIBS=''
LYNX_PATH='lynx'
MATH_LIBS='-lm '
MKDEP='$(CC) -MM'
MKINSTALLDIRS='$(abs_srcdir)/build/mkdir.sh'
MK_IMPLIB=''
MODULE_CLEANDIRS=' arch/win32 cache database debugging echo examples experimental ldap lua proxy session slotmem ssl test http2 md proxy/balancers cluster dav/main dav/fs dav/lock'
MODULE_DIRS=' aaa core filters http loggers metadata arch/unix generators mappers'
MOD_ACCESS_COMPAT_LDADD=''
MOD_ACTIONS_LDADD=''
MOD_ALIAS_LDADD=''
MOD_ALLOWMETHODS_LDADD=''
MOD_ASIS_LDADD=''
MOD_AUTHNZ_FCGI_LDADD=''
MOD_AUTHNZ_LDAP_LDADD=''
MOD_AUTHN_ANON_LDADD=''
MOD_AUTHN_CORE_LDADD=''
MOD_AUTHN_DBD_LDADD=''
MOD_AUTHN_DBM_LDADD=''
MOD_AUTHN_FILE_LDADD=''
MOD_AUTHN_SOCACHE_LDADD=''
MOD_AUTHZ_CORE_LDADD=''
MOD_AUTHZ_DBD_LDADD=''
MOD_AUTHZ_DBM_LDADD=''
MOD_AUTHZ_GROUPFILE_LDADD=''
MOD_AUTHZ_HOST_LDADD=''
MOD_AUTHZ_OWNER_LDADD=''
MOD_AUTHZ_USER_LDADD=''
MOD_AUTH_BASIC_LDADD=''
MOD_AUTH_DIGEST_LDADD=''
MOD_AUTH_FORM_LDADD=''
MOD_AUTOINDEX_LDADD=''
MOD_BROTLI_LDADD=''
MOD_BUCKETEER_LDADD=''
MOD_BUFFER_LDADD=''
MOD_CACHE_DISK_LDADD=''
MOD_CACHE_LDADD=''
MOD_CACHE_SOCACHE_LDADD=''
MOD_CASE_FILTER_IN_LDADD=''
MOD_CASE_FILTER_LDADD=''
MOD_CERN_META_LDADD=''
MOD_CGID_LDADD=''
MOD_CGI_LDADD=''
MOD_CHARSET_LITE_LDADD=''
MOD_DATA_LDADD=''
MOD_DAV_FS_LDADD=''
MOD_DAV_LDADD=''
MOD_DAV_LOCK_LDADD=''
MOD_DBD_LDADD=''
MOD_DEFLATE_LDADD=''
MOD_DIALUP_LDADD=''
MOD_DIR_LDADD=''
MOD_DUMPIO_LDADD=''
MOD_ECHO_LDADD=''
MOD_ENV_LDADD=''
MOD_EXAMPLE_HOOKS_LDADD=''
MOD_EXAMPLE_IPC_LDADD=''
MOD_EXPIRES_LDADD=''
MOD_EXT_FILTER_LDADD=''
MOD_FILE_CACHE_LDADD=''
MOD_FILTER_LDADD=''
MOD_HEADERS_LDADD=''
MOD_HEARTBEAT_LDADD=''
MOD_HEARTMONITOR_LDADD=''
MOD_HTTP2_LDADD=''
MOD_HTTP_LDADD=''
MOD_IDENT_LDADD=''
MOD_IMAGEMAP_LDADD=''
MOD_INCLUDE_LDADD=''
MOD_INFO_LDADD=''
MOD_ISAPI_LDADD=''
MOD_LBMETHOD_BYBUSYNESS_LDADD=''
MOD_LBMETHOD_BYREQUESTS_LDADD=''
MOD_LBMETHOD_BYTRAFFIC_LDADD=''
MOD_LBMETHOD_HEARTBEAT_LDADD=''
MOD_LDAP_LDADD=''
MOD_LOGIO_LDADD=''
MOD_LOG_CONFIG_LDADD=''
MOD_LOG_DEBUG_LDADD=''
MOD_LOG_FORENSIC_LDADD=''
MOD_LUA_LDADD=''
MOD_MACRO_LDADD=''
MOD_MD_LDADD=''
MOD_MIME_LDADD=''
MOD_MIME_MAGIC_LDADD=''
MOD_MPM_EVENT_LDADD=''
MOD_NEGOTIATION_LDADD=''
MOD_OPTIONAL_FN_EXPORT_LDADD=''
MOD_OPTIONAL_FN_IMPORT_LDADD=''
MOD_OPTIONAL_HOOK_EXPORT_LDADD=''
MOD_OPTIONAL_HOOK_IMPORT_LDADD=''
MOD_PRIVILEGES_LDADD=''
MOD_PROXY_AJP_LDADD=''
MOD_PROXY_BALANCER_LDADD=''
MOD_PROXY_CONNECT_LDADD=''
MOD_PROXY_EXPRESS_LDADD=''
MOD_PROXY_FCGI_LDADD=''
MOD_PROXY_FDPASS_LDADD=''
MOD_PROXY_FTP_LDADD=''
MOD_PROXY_HCHECK_LDADD=''
MOD_PROXY_HTML_LDADD=''
MOD_PROXY_HTTP2_LDADD=''
MOD_PROXY_HTTP_LDADD=''
MOD_PROXY_LDADD=''
MOD_PROXY_SCGI_LDADD=''
MOD_PROXY_UWSGI_LDADD=''
MOD_PROXY_WSTUNNEL_LDADD=''
MOD_RATELIMIT_LDADD=''
MOD_REFLECTOR_LDADD=''
MOD_REMOTEIP_LDADD=''
MOD_REQTIMEOUT_LDADD=''
MOD_REQUEST_LDADD=''
MOD_REWRITE_LDADD=''
MOD_SED_LDADD=''
MOD_SESSION_COOKIE_LDADD=''
MOD_SESSION_CRYPTO_LDADD=''
MOD_SESSION_DBD_LDADD=''
MOD_SESSION_LDADD=''
MOD_SETENVIF_LDADD=''
MOD_SLOTMEM_PLAIN_LDADD=''
MOD_SLOTMEM_SHM_LDADD=''
MOD_SOCACHE_DBM_LDADD=''
MOD_SOCACHE_DC_LDADD=''
MOD_SOCACHE_MEMCACHE_LDADD=''
MOD_SOCACHE_REDIS_LDADD=''
MOD_SOCACHE_SHMCB_LDADD=''
MOD_SO_ENABLED='yes'
MOD_SO_LDADD=''
MOD_SPELING_LDADD=''
MOD_SSL_LDADD=''
MOD_STATUS_LDADD=''
MOD_SUBSTITUTE_LDADD=''
MOD_SUEXEC_LDADD=''
MOD_SYSTEMD_LDADD=''
MOD_UNIQUE_ID_LDADD=''
MOD_UNIXD_LDADD=''
MOD_USERDIR_LDADD=''
MOD_USERTRACK_LDADD=''
MOD_VERSION_LDADD=''
MOD_VHOST_ALIAS_LDADD=''
MOD_WATCHDOG_LDADD=''
MOD_XML2ENC_LDADD=''
MPM_LIB='server/mpm/event/libevent.la'
MPM_MODULES=''
MPM_SUBDIRS=' event '
NONPORTABLE_SUPPORT='checkgid fcgistarter'
NOTEST_CFLAGS=''
NOTEST_CPPFLAGS=''
NOTEST_CXXFLAGS=''
NOTEST_LDFLAGS=''
NOTEST_LIBS=''
OBJEXT='o'
OS='unix'
OS_DIR='unix'
OS_SPECIFIC_VARS=''
PACKAGE_BUGREPORT=''
PACKAGE_NAME=''
PACKAGE_STRING=''
PACKAGE_TARNAME=''
PACKAGE_URL=''
PACKAGE_VERSION=''
PATH_SEPARATOR=':'
PCRE_CONFIG='/home/sh/rca_httpd/httpd/pcre-8.00/pcre-config'
PCRE_LIBS='-L/home/sh/httpd-2.4.49-trace/lib -lpcre'
PICFLAGS=''
PILDFLAGS=''
PKGCONFIG=''
PORT='80'
POST_SHARED_CMDS='echo ""'
PRE_SHARED_CMDS='echo ""'
RANLIB='ranlib'
RM='/usr/bin/rm'
RSYNC='/usr/bin/rsync'
SHELL='/bin/bash'
SHLIBPATH_VAR='LD_LIBRARY_PATH'
SHLTCFLAGS='-prefer-pic'
SH_LDFLAGS=''
SH_LIBS=''
SH_LIBTOOL='$(LIBTOOL)'
SSLPORT='443'
SVN=''
UTIL_LDFLAGS=''
ab_CFLAGS=''
ab_LIBS=''
ab_LTFLAGS=''
abs_srcdir='/home/sh/rca_httpd/httpd/httpd-2.4.49'
ac_ct_CC='gcc'
ap_make_delimiter=' '
ap_make_include='include'
bindir='${exec_prefix}/bin'
build='x86_64-pc-linux-gnu'
build_alias=''
build_cpu='x86_64'
build_os='linux-gnu'
build_vendor='pc'
cgidir='${datadir}/cgi-bin'
checkgid_LTFLAGS=''
datadir='${prefix}'
datarootdir='${prefix}/share'
docdir='${datarootdir}/doc/${PACKAGE}'
dvidir='${docdir}'
errordir='${datadir}/error'
exec_prefix='${prefix}'
exp_bindir='/home/sh/httpd-2.4.49-trace/bin'
exp_cgidir='/home/sh/httpd-2.4.49-trace/cgi-bin'
exp_datadir='/home/sh/httpd-2.4.49-trace'
exp_errordir='/home/sh/httpd-2.4.49-trace/error'
exp_exec_prefix='/home/sh/httpd-2.4.49-trace'
exp_htdocsdir='/home/sh/httpd-2.4.49-trace/htdocs'
exp_iconsdir='/home/sh/httpd-2.4.49-trace/icons'
exp_includedir='/home/sh/httpd-2.4.49-trace/include'
exp_installbuilddir='/home/sh/httpd-2.4.49-trace/build'
exp_libdir='/home/sh/httpd-2.4.49-trace/lib'
exp_libexecdir='/home/sh/httpd-2.4.49-trace/modules'
exp_localstatedir='/home/sh/httpd-2.4.49-trace'
exp_logfiledir='/home/sh/httpd-2.4.49-trace/logs'
exp_mandir='/home/sh/httpd-2.4.49-trace/man'
exp_manualdir='/home/sh/httpd-2.4.49-trace/manual'
exp_proxycachedir='/home/sh/httpd-2.4.49-trace/proxy'
exp_runtimedir='/home/sh/httpd-2.4.49-trace/logs'
exp_sbindir='/home/sh/httpd-2.4.49-trace/bin'
exp_sysconfdir='/home/sh/httpd-2.4.49-trace/conf'
fcgistarter_LTFLAGS=''
host='x86_64-pc-linux-gnu'
host_alias=''
host_cpu='x86_64'
host_os='linux-gnu'
host_vendor='pc'
htcacheclean_LTFLAGS=''
htdbm_LTFLAGS=''
htdigest_LTFLAGS=''
htdocsdir='${datadir}/htdocs'
htmldir='${docdir}'
htpasswd_LTFLAGS=''
httxt2dbm_LTFLAGS=''
iconsdir='${datadir}/icons'
includedir='${prefix}/include'
infodir='${datarootdir}/info'
installbuilddir='${datadir}/build'
libdir='${exec_prefix}/lib'
libexecdir='${exec_prefix}/modules'
localedir='${datarootdir}/locale'
localstatedir='${prefix}'
logfiledir='${localstatedir}/logs'
logresolve_LTFLAGS=''
mandir='${prefix}/man'
manualdir='${datadir}/manual'
oldincludedir='/usr/include'
other_targets=''
pdfdir='${docdir}'
perlbin='/usr/bin/perl'
prefix='/home/sh/httpd-2.4.49-trace'
progname='httpd'
program_transform_name='s,x,x,'
proxycachedir='${localstatedir}/proxy'
psdir='${docdir}'
rel_bindir='bin'
rel_cgidir='cgi-bin'
rel_datadir=''
rel_errordir='error'
rel_exec_prefix=''
rel_htdocsdir='htdocs'
rel_iconsdir='icons'
rel_includedir='include'
rel_installbuilddir='build'
rel_libdir='lib'
rel_libexecdir='modules'
rel_localstatedir=''
rel_logfiledir='logs'
rel_mandir='man'
rel_manualdir='manual'
rel_proxycachedir='proxy'
rel_runtimedir='logs'
rel_sbindir='bin'
rel_sysconfdir='conf'
rotatelogs_LTFLAGS=''
runtimedir='${localstatedir}/logs'
sbindir='${exec_prefix}/bin'
shared_build=''
sharedstatedir='${prefix}/com'
sysconfdir='${prefix}/conf'
target='x86_64-pc-linux-gnu'
target_alias=''
target_cpu='x86_64'
target_os='linux-gnu'
target_vendor='pc'

## ----------- ##
## confdefs.h. ##
## ----------- ##

/* confdefs.h */
#define PACKAGE_NAME ""
#define PACKAGE_TARNAME ""
#define PACKAGE_VERSION ""
#define PACKAGE_STRING ""
#define PACKAGE_BUGREPORT ""
#define PACKAGE_URL ""
#define STDC_HEADERS 1
#define HAVE_SYS_TYPES_H 1
#define HAVE_SYS_STAT_H 1
#define HAVE_STDLIB_H 1
#define HAVE_STRING_H 1
#define HAVE_MEMORY_H 1
#define HAVE_STRINGS_H 1
#define HAVE_INTTYPES_H 1
#define HAVE_STDINT_H 1
#define HAVE_UNISTD_H 1
#define __EXTENSIONS__ 1
#define _ALL_SOURCE 1
#define _GNU_SOURCE 1
#define _POSIX_PTHREAD_SEMANTICS 1
#define _TANDEM_SOURCE 1
#define STDC_HEADERS 1
#define HAVE_STRING_H 1
#define HAVE_LIMITS_H 1
#define HAVE_UNISTD_H 1
#define HAVE_SYS_SOCKET_H 1
#define HAVE_PWD_H 1
#define HAVE_GRP_H 1
#define HAVE_STRINGS_H 1
#define HAVE_SYS_PRCTL_H 1
#define HAVE_SYS_SEM_H 1
#define HAVE_SYS_WAIT_H 1
#define HAVE_GETPWNAM 1
#define HAVE_GETGRNAM 1
#define HAVE_INITGROUPS 1
#define HAVE_PRCTL 1
#define HAVE_TIMEGM 1
#define HAVE_GETPGID 1
#define HAVE_FOPEN64 1
#define HAVE_GETLOADAVG 1
#define HAVE_GETTID 1
#define HAVE_GMTOFF 1
#define HAVE_SYS_TIME_H 1
#define HAVE_SYS_RESOURCE_H 1
#define HAVE_SYS_SEM_H 1
#define HAVE_SYS_IPC_H 1
#define HAVE_SETSID 1
#define HAVE_KILLPG 1
#define HAVE_UNISTD_H 1
#define HAVE_SYSLOG 1
#define HAVE_SYS_TIMES_H 1
#define HAVE_TIMES 1
#define HAVE_EPOLL_CREATE 1
#define HAVE_PTHREAD_KILL 1
#define AP_USING_AUTOCONF 1
#define SINGLE_LISTEN_UNSERIALIZED_ACCEPT 1
#define AP_NONBLOCK_WHEN_MULTI_LISTEN 1
#define AP_ENABLE_V4_MAPPED 1
#define HTTPD_ROOT "/home/sh/httpd-2.4.49-trace"
#define SERVER_CONFIG_FILE "conf/httpd.conf"
#define AP_TYPES_CONFIG_FILE "conf/mime.types"

configure: exit 0
