This file contains any messages produced by compilers while
running configure, to aid debugging if configure makes a mistake.

It was created by PCRE configure 8.00, which was
generated by GNU Autoconf 2.71.  Invocation command line was

  $ ./configure --disable-cpp --prefix=/home/sh/httpd-2.4.49-trace

## --------- ##
## Platform. ##
## --------- ##

hostname = HangShu
uname -m = x86_64
uname -r = 5.15.133.1-microsoft-standard-WSL2
uname -s = Linux
uname -v = #1 SMP Thu Oct 5 21:02:42 UTC 2023

/usr/bin/uname -p = x86_64
/bin/uname -X     = unknown

/bin/arch              = x86_64
/usr/bin/arch -k       = unknown
/usr/convex/getsysinfo = unknown
/usr/bin/hostinfo      = unknown
/bin/machine           = unknown
/usr/bin/oslevel       = unknown
/bin/universe          = unknown

PATH: /home/sh/.vscode-server/bin/97dec172d3256f8ca4bfb2143f3f76b503ca0534/bin/remote-cli/
PATH: /home/sh/.local/bin/
PATH: /home/sh/.cargo/bin/
PATH: /usr/local/sbin/
PATH: /usr/local/bin/
PATH: /usr/sbin/
PATH: /usr/bin/
PATH: /sbin/
PATH: /bin/
PATH: /usr/games/
PATH: /usr/local/games/
PATH: /snap/bin/


## ----------- ##
## Core tests. ##
## ----------- ##

configure:2980: looking for aux files: ltmain.sh config.guess config.sub missing install-sh
configure:2993:  trying ./
configure:3022:   ./ltmain.sh found
configure:3022:   ./config.guess found
configure:3022:   ./config.sub found
configure:3022:   ./missing found
configure:3004:   ./install-sh found
configure:3152: checking for a BSD-compatible install
configure:3225: result: /usr/bin/install -c
configure:3236: checking whether build environment is sane
configure:3273: result: yes
configure:3300: checking for a race-free mkdir -p
configure:3344: result: /usr/bin/mkdir -p
configure:3357: checking for gawk
configure:3378: found /usr/bin/gawk
configure:3389: result: gawk
configure:3400: checking whether make sets $(MAKE)
configure:3423: result: yes
configure:3689: checking for gcc
configure:3710: found /usr/bin/gcc
configure:3721: result: gcc
configure:4074: checking for C compiler version
configure:4083: gcc --version >&5
gcc (Ubuntu 11.4.0-1ubuntu1~22.04) 11.4.0
Copyright (C) 2021 Free Software Foundation, Inc.
This is free software; see the source for copying conditions.  There is NO
warranty; not even for MERCHANTABILITY or FITNESS FOR A PARTICULAR PURPOSE.

configure:4094: $? = 0
configure:4083: gcc -v >&5
Using built-in specs.
COLLECT_GCC=gcc
COLLECT_LTO_WRAPPER=/usr/lib/gcc/x86_64-linux-gnu/11/lto-wrapper
OFFLOAD_TARGET_NAMES=nvptx-none:amdgcn-amdhsa
OFFLOAD_TARGET_DEFAULT=1
Target: x86_64-linux-gnu
Configured with: ../src/configure -v --with-pkgversion='Ubuntu 11.4.0-1ubuntu1~22.04' --with-bugurl=file:///usr/share/doc/gcc-11/README.Bugs --enable-languages=c,ada,c++,go,brig,d,fortran,objc,obj-c++,m2 --prefix=/usr --with-gcc-major-version-only --program-suffix=-11 --program-prefix=x86_64-linux-gnu- --enable-shared --enable-linker-build-id --libexecdir=/usr/lib --without-included-gettext --enable-threads=posix --libdir=/usr/lib --enable-nls --enable-bootstrap --enable-clocale=gnu --enable-libstdcxx-debug --enable-libstdcxx-time=yes --with-default-libstdcxx-abi=new --enable-gnu-unique-object --disable-vtable-verify --enable-plugin --enable-default-pie --with-system-zlib --enable-libphobos-checking=release --with-target-system-zlib=auto --enable-objc-gc=auto --enable-multiarch --disable-werror --enable-cet --with-arch-32=i686 --with-abi=m64 --with-multilib-list=m32,m64,mx32 --enable-multilib --with-tune=generic --enable-offload-targets=nvptx-none=/build/gcc-11-XeT9lY/gcc-11-11.4.0/debian/tmp-nvptx/usr,amdgcn-amdhsa=/build/gcc-11-XeT9lY/gcc-11-11.4.0/debian/tmp-gcn/usr --without-cuda-driver --enable-checking=release --build=x86_64-linux-gnu --host=x86_64-linux-gnu --target=x86_64-linux-gnu --with-build-config=bootstrap-lto-lean --enable-link-serialization=2
Thread model: posix
Supported LTO compression algorithms: zlib zstd
gcc version 11.4.0 (Ubuntu 11.4.0-1ubuntu1~22.04) 
... rest of stderr output deleted ...
configure:4094: $? = 0
configure:4083: gcc -V >&5
gcc: error: unrecognized command-line option '-V'
gcc: fatal error: no input files
compilation terminated.
configure:4094: $? = 1
configure:4083: gcc -qversion >&5
gcc: error: unrecognized command-line option '-qversion'; did you mean '--version'?
gcc: fatal error: no input files
compilation terminated.
configure:4094: $? = 1
configure:4083: gcc -version >&5
gcc: error: unrecognized command-line option '-version'
gcc: fatal error: no input files
compilation terminated.
configure:4094: $? = 1
configure:4114: checking whether the C compiler works
configure:4136: gcc    conftest.c  >&5
configure:4140: $? = 0
configure:4190: result: yes
configure:4193: checking for C compiler default output file name
configure:4195: result: a.out
configure:4201: checking for suffix of executables
configure:4208: gcc -o conftest    conftest.c  >&5
configure:4212: $? = 0
configure:4235: result: 
configure:4257: checking whether we are cross compiling
configure:4265: gcc -o conftest    conftest.c  >&5
configure:4269: $? = 0
configure:4276: ./conftest
configure:4280: $? = 0
configure:4295: result: no
configure:4300: checking for suffix of object files
configure:4323: gcc -c   conftest.c >&5
configure:4327: $? = 0
configure:4349: result: o
configure:4353: checking whether the compiler supports GNU C
configure:4373: gcc -c   conftest.c >&5
configure:4373: $? = 0
configure:4383: result: yes
configure:4394: checking whether gcc accepts -g
configure:4415: gcc -c -g  conftest.c >&5
configure:4415: $? = 0
configure:4459: result: yes
configure:4479: checking for gcc option to enable C11 features
configure:4494: gcc  -c -g -O2  conftest.c >&5
configure:4494: $? = 0
configure:4512: result: none needed
configure:4633: checking for style of include used by make
configure:4661: result: GNU
configure:4687: checking dependency style of gcc
configure:4779: result: gcc3
configure:4863: checking for g++
configure:4884: found /usr/bin/g++
configure:4895: result: g++
configure:4922: checking for C++ compiler version
configure:4931: g++ --version >&5
g++ (Ubuntu 11.4.0-1ubuntu1~22.04) 11.4.0
Copyright (C) 2021 Free Software Foundation, Inc.
This is free software; see the source for copying conditions.  There is NO
warranty; not even for MERCHANTABILITY or FITNESS FOR A PARTICULAR PURPOSE.

configure:4942: $? = 0
configure:4931: g++ -v >&5
Using built-in specs.
COLLECT_GCC=g++
COLLECT_LTO_WRAPPER=/usr/lib/gcc/x86_64-linux-gnu/11/lto-wrapper
OFFLOAD_TARGET_NAMES=nvptx-none:amdgcn-amdhsa
OFFLOAD_TARGET_DEFAULT=1
Target: x86_64-linux-gnu
Configured with: ../src/configure -v --with-pkgversion='Ubuntu 11.4.0-1ubuntu1~22.04' --with-bugurl=file:///usr/share/doc/gcc-11/README.Bugs --enable-languages=c,ada,c++,go,brig,d,fortran,objc,obj-c++,m2 --prefix=/usr --with-gcc-major-version-only --program-suffix=-11 --program-prefix=x86_64-linux-gnu- --enable-shared --enable-linker-build-id --libexecdir=/usr/lib --without-included-gettext --enable-threads=posix --libdir=/usr/lib --enable-nls --enable-bootstrap --enable-clocale=gnu --enable-libstdcxx-debug --enable-libstdcxx-time=yes --with-default-libstdcxx-abi=new --enable-gnu-unique-object --disable-vtable-verify --enable-plugin --enable-default-pie --with-system-zlib --enable-libphobos-checking=release --with-target-system-zlib=auto --enable-objc-gc=auto --enable-multiarch --disable-werror --enable-cet --with-arch-32=i686 --with-abi=m64 --with-multilib-list=m32,m64,mx32 --enable-multilib --with-tune=generic --enable-offload-targets=nvptx-none=/build/gcc-11-XeT9lY/gcc-11-11.4.0/debian/tmp-nvptx/usr,amdgcn-amdhsa=/build/gcc-11-XeT9lY/gcc-11-11.4.0/debian/tmp-gcn/usr --without-cuda-driver --enable-checking=release --build=x86_64-linux-gnu --host=x86_64-linux-gnu --target=x86_64-linux-gnu --with-build-config=bootstrap-lto-lean --enable-link-serialization=2
Thread model: posix
Supported LTO compression algorithms: zlib zstd
gcc version 11.4.0 (Ubuntu 11.4.0-1ubuntu1~22.04) 
... rest of stderr output deleted ...
configure:4942: $? = 0
configure:4931: g++ -V >&5
g++: error: unrecognized command-line option '-V'
g++: fatal error: no input files
compilation terminated.
configure:4942: $? = 1
configure:4931: g++ -qversion >&5
g++: error: unrecognized command-line option '-qversion'; did you mean '--version'?
g++: fatal error: no input files
compilation terminated.
configure:4942: $? = 1
configure:4946: checking whether the compiler supports GNU C++
configure:4966: g++ -c   conftest.cpp >&5
configure:4966: $? = 0
configure:4976: result: yes
configure:4987: checking whether g++ accepts -g
configure:5008: g++ -c -g  conftest.cpp >&5
configure:5008: $? = 0
configure:5052: result: yes
configure:5072: checking for g++ option to enable C++11 features
configure:5087: g++  -c -g -O2  conftest.cpp >&5
conftest.cpp: In function 'int main(int, char**)':
conftest.cpp:177:25: warning: empty parentheses were disambiguated as a function declaration [-Wvexing-parse]
  177 |   cxx11test::delegate d2();
      |                         ^~
conftest.cpp:177:25: note: remove parentheses to default-initialize a variable
  177 |   cxx11test::delegate d2();
      |                         ^~
      |                         --
conftest.cpp:177:25: note: or replace parentheses with braces to value-initialize a variable
configure:5087: $? = 0
configure:5105: result: none needed
configure:5171: checking dependency style of g++
configure:5263: result: gcc3
configure:5321: g++ -c -O2  conftest.cpp >&5
configure:5321: $? = 0
configure:5342: checking build system type
configure:5357: result: x86_64-unknown-linux-gnu
configure:5377: checking host system type
configure:5391: result: x86_64-unknown-linux-gnu
configure:5770: checking for a sed that does not truncate output
configure:5840: result: /usr/bin/sed
configure:5858: checking for grep that handles long lines and -e
configure:5922: result: /usr/bin/grep
configure:5927: checking for egrep
configure:5995: result: /usr/bin/grep -E
configure:6000: checking for fgrep
configure:6068: result: /usr/bin/grep -F
configure:6104: checking for ld used by gcc
configure:6172: result: /usr/bin/ld
configure:6179: checking if the linker (/usr/bin/ld) is GNU ld
configure:6195: result: yes
configure:6207: checking for BSD- or MS-compatible name lister (nm)
configure:6257: result: /usr/bin/nm -B
configure:6385: checking the name lister (/usr/bin/nm -B) interface
configure:6393: gcc -c -O2  conftest.c >&5
configure:6396: /usr/bin/nm -B "conftest.o"
configure:6399: output
0000000000000000 B some_variable
configure:6406: result: BSD nm
configure:6409: checking whether ln -s works
configure:6413: result: yes
configure:6421: checking the maximum length of command line arguments
configure:6542: result: 1572864
configure:6559: checking whether the shell understands some XSI constructs
configure:6569: result: yes
configure:6573: checking whether the shell understands "+="
configure:6579: result: yes
configure:6614: checking for /usr/bin/ld option to reload object files
configure:6622: result: -r
configure:6696: checking for objdump
configure:6728: result: objdump
configure:6757: checking how to recognize dependent libraries
configure:6954: result: pass_all
configure:7019: checking for ar
configure:7040: found /usr/bin/ar
configure:7051: result: ar
configure:7134: checking for strip
configure:7155: found /usr/bin/strip
configure:7166: result: strip
configure:7243: checking for ranlib
configure:7264: found /usr/bin/ranlib
configure:7275: result: ranlib
configure:7365: checking command to parse /usr/bin/nm -B output from gcc object
configure:7484: gcc -c -O2  conftest.c >&5
configure:7487: $? = 0
configure:7491: /usr/bin/nm -B conftest.o \| sed -n -e 's/^.*[	 ]\([ABCDGIRSTW][ABCDGIRSTW]*\)[	 ][	 ]*\([_A-Za-z][_A-Za-z0-9]*\)$/\1 \2 \2/p' \> conftest.nm
configure:7494: $? = 0
configure:7548: gcc -o conftest -O2   conftest.c conftstm.o >&5
configure:7551: $? = 0
configure:7589: result: ok
configure:7686: gcc -c -O2  conftest.c >&5
configure:7689: $? = 0
configure:8453: checking for stdio.h
configure:8453: gcc -c -O2  conftest.c >&5
configure:8453: $? = 0
configure:8453: result: yes
configure:8453: checking for stdlib.h
configure:8453: gcc -c -O2  conftest.c >&5
configure:8453: $? = 0
configure:8453: result: yes
configure:8453: checking for string.h
configure:8453: gcc -c -O2  conftest.c >&5
configure:8453: $? = 0
configure:8453: result: yes
configure:8453: checking for inttypes.h
configure:8453: gcc -c -O2  conftest.c >&5
configure:8453: $? = 0
configure:8453: result: yes
configure:8453: checking for stdint.h
configure:8453: gcc -c -O2  conftest.c >&5
configure:8453: $? = 0
configure:8453: result: yes
configure:8453: checking for strings.h
configure:8453: gcc -c -O2  conftest.c >&5
configure:8453: $? = 0
configure:8453: result: yes
configure:8453: checking for sys/stat.h
configure:8453: gcc -c -O2  conftest.c >&5
configure:8453: $? = 0
configure:8453: result: yes
configure:8453: checking for sys/types.h
configure:8453: gcc -c -O2  conftest.c >&5
configure:8453: $? = 0
configure:8453: result: yes
configure:8453: checking for unistd.h
configure:8453: gcc -c -O2  conftest.c >&5
configure:8453: $? = 0
configure:8453: result: yes
configure:8478: checking for dlfcn.h
configure:8478: gcc -c -O2  conftest.c >&5
configure:8478: $? = 0
configure:8478: result: yes
configure:8610: checking for C++ compiler version
configure:8619: g++ --version >&5
g++ (Ubuntu 11.4.0-1ubuntu1~22.04) 11.4.0
Copyright (C) 2021 Free Software Foundation, Inc.
This is free software; see the source for copying conditions.  There is NO
warranty; not even for MERCHANTABILITY or FITNESS FOR A PARTICULAR PURPOSE.

configure:8630: $? = 0
configure:8619: g++ -v >&5
Using built-in specs.
COLLECT_GCC=g++
COLLECT_LTO_WRAPPER=/usr/lib/gcc/x86_64-linux-gnu/11/lto-wrapper
OFFLOAD_TARGET_NAMES=nvptx-none:amdgcn-amdhsa
OFFLOAD_TARGET_DEFAULT=1
Target: x86_64-linux-gnu
Configured with: ../src/configure -v --with-pkgversion='Ubuntu 11.4.0-1ubuntu1~22.04' --with-bugurl=file:///usr/share/doc/gcc-11/README.Bugs --enable-languages=c,ada,c++,go,brig,d,fortran,objc,obj-c++,m2 --prefix=/usr --with-gcc-major-version-only --program-suffix=-11 --program-prefix=x86_64-linux-gnu- --enable-shared --enable-linker-build-id --libexecdir=/usr/lib --without-included-gettext --enable-threads=posix --libdir=/usr/lib --enable-nls --enable-bootstrap --enable-clocale=gnu --enable-libstdcxx-debug --enable-libstdcxx-time=yes --with-default-libstdcxx-abi=new --enable-gnu-unique-object --disable-vtable-verify --enable-plugin --enable-default-pie --with-system-zlib --enable-libphobos-checking=release --with-target-system-zlib=auto --enable-objc-gc=auto --enable-multiarch --disable-werror --enable-cet --with-arch-32=i686 --with-abi=m64 --with-multilib-list=m32,m64,mx32 --enable-multilib --with-tune=generic --enable-offload-targets=nvptx-none=/build/gcc-11-XeT9lY/gcc-11-11.4.0/debian/tmp-nvptx/usr,amdgcn-amdhsa=/build/gcc-11-XeT9lY/gcc-11-11.4.0/debian/tmp-gcn/usr --without-cuda-driver --enable-checking=release --build=x86_64-linux-gnu --host=x86_64-linux-gnu --target=x86_64-linux-gnu --with-build-config=bootstrap-lto-lean --enable-link-serialization=2
Thread model: posix
Supported LTO compression algorithms: zlib zstd
gcc version 11.4.0 (Ubuntu 11.4.0-1ubuntu1~22.04) 
... rest of stderr output deleted ...
configure:8630: $? = 0
configure:8619: g++ -V >&5
g++: error: unrecognized command-line option '-V'
g++: fatal error: no input files
compilation terminated.
configure:8630: $? = 1
configure:8619: g++ -qversion >&5
g++: error: unrecognized command-line option '-qversion'; did you mean '--version'?
g++: fatal error: no input files
compilation terminated.
configure:8630: $? = 1
configure:8634: checking whether the compiler supports GNU C++
configure:8664: result: yes
configure:8675: checking whether g++ accepts -g
configure:8740: result: yes
configure:8760: checking for g++ option to enable C++11 features
configure:8793: result: none needed
configure:8859: checking dependency style of g++
configure:8951: result: gcc3
configure:8974: checking how to run the C++ preprocessor
configure:8996: g++ -E  conftest.cpp
configure:8996: $? = 0
configure:9011: g++ -E  conftest.cpp
conftest.cpp:22:10: fatal error: ac_nonexistent.h: No such file or directory
   22 | #include <ac_nonexistent.h>
      |          ^~~~~~~~~~~~~~~~~~
compilation terminated.
configure:9011: $? = 1
configure: failed program was:
| /* confdefs.h */
| #define PACKAGE_NAME "PCRE"
| #define PACKAGE_TARNAME "pcre"
| #define PACKAGE_VERSION "8.00"
| #define PACKAGE_STRING "PCRE 8.00"
| #define PACKAGE_BUGREPORT ""
| #define PACKAGE_URL ""
| #define PACKAGE "pcre"
| #define VERSION "8.00"
| #define HAVE_STDIO_H 1
| #define HAVE_STDLIB_H 1
| #define HAVE_STRING_H 1
| #define HAVE_INTTYPES_H 1
| #define HAVE_STDINT_H 1
| #define HAVE_STRINGS_H 1
| #define HAVE_SYS_STAT_H 1
| #define HAVE_SYS_TYPES_H 1
| #define HAVE_UNISTD_H 1
| #define STDC_HEADERS 1
| #define HAVE_DLFCN_H 1
| /* end confdefs.h.  */
| #include <ac_nonexistent.h>
configure:9038: result: g++ -E
configure:9052: g++ -E  conftest.cpp
configure:9052: $? = 0
configure:9067: g++ -E  conftest.cpp
conftest.cpp:22:10: fatal error: ac_nonexistent.h: No such file or directory
   22 | #include <ac_nonexistent.h>
      |          ^~~~~~~~~~~~~~~~~~
compilation terminated.
configure:9067: $? = 1
configure: failed program was:
| /* confdefs.h */
| #define PACKAGE_NAME "PCRE"
| #define PACKAGE_TARNAME "pcre"
| #define PACKAGE_VERSION "8.00"
| #define PACKAGE_STRING "PCRE 8.00"
| #define PACKAGE_BUGREPORT ""
| #define PACKAGE_URL ""
| #define PACKAGE "pcre"
| #define VERSION "8.00"
| #define HAVE_STDIO_H 1
| #define HAVE_STDLIB_H 1
| #define HAVE_STRING_H 1
| #define HAVE_INTTYPES_H 1
| #define HAVE_STDINT_H 1
| #define HAVE_STRINGS_H 1
| #define HAVE_SYS_STAT_H 1
| #define HAVE_SYS_TYPES_H 1
| #define HAVE_UNISTD_H 1
| #define STDC_HEADERS 1
| #define HAVE_DLFCN_H 1
| /* end confdefs.h.  */
| #include <ac_nonexistent.h>
configure:9276: checking for objdir
configure:9292: result: .libs
configure:9584: checking if gcc supports -fno-rtti -fno-exceptions
configure:9603: gcc -c -O2  -fno-rtti -fno-exceptions conftest.c >&5
cc1: warning: command-line option '-fno-rtti' is valid for C++/D/ObjC++ but not for C
configure:9607: $? = 0
configure:9620: result: no
configure:9640: checking for gcc option to produce PIC
configure:9912: result: -fPIC -DPIC
configure:9924: checking if gcc PIC flag -fPIC -DPIC works
configure:9943: gcc -c -O2  -fPIC -DPIC -DPIC conftest.c >&5
configure:9947: $? = 0
configure:9960: result: yes
configure:9984: checking if gcc static flag -static works
configure:10013: result: yes
configure:10028: checking if gcc supports -c -o file.o
configure:10050: gcc -c -O2  -o out/conftest2.o conftest.c >&5
configure:10054: $? = 0
configure:10076: result: yes
configure:10084: checking if gcc supports -c -o file.o
configure:10132: result: yes
configure:10165: checking whether the gcc linker (/usr/bin/ld -m elf_x86_64) supports shared libraries
configure:11154: result: yes
configure:11191: checking whether -lc should be explicitly linked in
configure:11196: gcc -c -O2  conftest.c >&5
configure:11199: $? = 0
configure:11214: gcc -shared conftest.o  -v -Wl,-soname -Wl,conftest -o conftest 2\>\&1 \| /usr/bin/grep  -lc  \>/dev/null 2\>\&1
configure:11217: $? = 0
configure:11229: result: no
configure:11393: checking dynamic linker characteristics
configure:11839: gcc -o conftest -O2   -Wl,-rpath -Wl,/foo conftest.c  >&5
configure:11839: $? = 0
configure:12059: result: GNU/Linux ld.so
configure:12161: checking how to hardcode library paths into programs
configure:12186: result: immediate
configure:12710: checking whether stripping libraries is possible
configure:12715: result: yes
configure:12750: checking if libtool supports shared libraries
configure:12752: result: yes
configure:12755: checking whether to build shared libraries
configure:12776: result: yes
configure:12779: checking whether to build static libraries
configure:12783: result: yes
configure:12934: checking for ld used by g++
configure:13002: result: /usr/bin/ld -m elf_x86_64
configure:13009: checking if the linker (/usr/bin/ld -m elf_x86_64) is GNU ld
configure:13025: result: yes
configure:13080: checking whether the g++ linker (/usr/bin/ld -m elf_x86_64) supports shared libraries
configure:13995: result: yes
configure:14023: g++ -c -O2  conftest.cpp >&5
configure:14026: $? = 0
configure:14208: checking for g++ option to produce PIC
configure:14525: result: -fPIC -DPIC
configure:14534: checking if g++ PIC flag -fPIC -DPIC works
configure:14553: g++ -c -O2  -fPIC -DPIC -DPIC conftest.cpp >&5
configure:14557: $? = 0
configure:14570: result: yes
configure:14591: checking if g++ static flag -static works
configure:14620: result: yes
configure:14632: checking if g++ supports -c -o file.o
configure:14654: g++ -c -O2  -o out/conftest2.o conftest.cpp >&5
configure:14658: $? = 0
configure:14680: result: yes
configure:14685: checking if g++ supports -c -o file.o
configure:14733: result: yes
configure:14763: checking whether the g++ linker (/usr/bin/ld -m elf_x86_64) supports shared libraries
configure:14789: result: yes
configure:14926: checking dynamic linker characteristics
configure:15320: g++ -o conftest -O2   -Wl,-rpath -Wl,/foo conftest.cpp  >&5
configure:15320: $? = 0
configure:15540: result: GNU/Linux ld.so
configure:15591: checking how to hardcode library paths into programs
configure:15616: result: immediate
configure:15674: checking whether ln -s works
configure:15678: result: yes
configure:15946: checking for egrep
configure:16014: result: /usr/bin/grep -E
configure:16020: checking for limits.h
configure:16020: gcc -c -O2  conftest.c >&5
configure:16020: $? = 0
configure:16020: result: yes
configure:16026: checking for sys/types.h
configure:16026: result: yes
configure:16032: checking for sys/stat.h
configure:16032: result: yes
configure:16038: checking for dirent.h
configure:16038: gcc -c -O2  conftest.c >&5
configure:16038: $? = 0
configure:16038: result: yes
configure:16044: checking for windows.h
configure:16044: gcc -c -O2  conftest.c >&5
conftest.c:55:10: fatal error: windows.h: No such file or directory
   55 | #include <windows.h>
      |          ^~~~~~~~~~~
compilation terminated.
configure:16044: $? = 1
configure: failed program was:
| /* confdefs.h */
| #define PACKAGE_NAME "PCRE"
| #define PACKAGE_TARNAME "pcre"
| #define PACKAGE_VERSION "8.00"
| #define PACKAGE_STRING "PCRE 8.00"
| #define PACKAGE_BUGREPORT ""
| #define PACKAGE_URL ""
| #define PACKAGE "pcre"
| #define VERSION "8.00"
| #define HAVE_STDIO_H 1
| #define HAVE_STDLIB_H 1
| #define HAVE_STRING_H 1
| #define HAVE_INTTYPES_H 1
| #define HAVE_STDINT_H 1
| #define HAVE_STRINGS_H 1
| #define HAVE_SYS_STAT_H 1
| #define HAVE_SYS_TYPES_H 1
| #define HAVE_UNISTD_H 1
| #define STDC_HEADERS 1
| #define HAVE_DLFCN_H 1
| #define LT_OBJDIR ".libs/"
| #define HAVE_LIMITS_H 1
| #define HAVE_SYS_TYPES_H 1
| #define HAVE_SYS_STAT_H 1
| #define HAVE_DIRENT_H 1
| /* end confdefs.h.  */
| #include <stddef.h>
| #ifdef HAVE_STDIO_H
| # include <stdio.h>
| #endif
| #ifdef HAVE_STDLIB_H
| # include <stdlib.h>
| #endif
| #ifdef HAVE_STRING_H
| # include <string.h>
| #endif
| #ifdef HAVE_INTTYPES_H
| # include <inttypes.h>
| #endif
| #ifdef HAVE_STDINT_H
| # include <stdint.h>
| #endif
| #ifdef HAVE_STRINGS_H
| # include <strings.h>
| #endif
| #ifdef HAVE_SYS_TYPES_H
| # include <sys/types.h>
| #endif
| #ifdef HAVE_SYS_STAT_H
| # include <sys/stat.h>
| #endif
| #ifdef HAVE_UNISTD_H
| # include <unistd.h>
| #endif
| #include <windows.h>
configure:16044: result: no
configure:16177: checking for an ANSI C-conforming const
configure:16244: gcc -c -O2  conftest.c >&5
configure:16244: $? = 0
configure:16252: result: yes
configure:16260: checking for size_t
configure:16260: gcc -c -O2  conftest.c >&5
configure:16260: $? = 0
configure:16260: gcc -c -O2  conftest.c >&5
conftest.c: In function 'main':
conftest.c:58:21: error: expected expression before ')' token
   58 | if (sizeof ((size_t)))
      |                     ^
configure:16260: $? = 1
configure: failed program was:
| /* confdefs.h */
| #define PACKAGE_NAME "PCRE"
| #define PACKAGE_TARNAME "pcre"
| #define PACKAGE_VERSION "8.00"
| #define PACKAGE_STRING "PCRE 8.00"
| #define PACKAGE_BUGREPORT ""
| #define PACKAGE_URL ""
| #define PACKAGE "pcre"
| #define VERSION "8.00"
| #define HAVE_STDIO_H 1
| #define HAVE_STDLIB_H 1
| #define HAVE_STRING_H 1
| #define HAVE_INTTYPES_H 1
| #define HAVE_STDINT_H 1
| #define HAVE_STRINGS_H 1
| #define HAVE_SYS_STAT_H 1
| #define HAVE_SYS_TYPES_H 1
| #define HAVE_UNISTD_H 1
| #define STDC_HEADERS 1
| #define HAVE_DLFCN_H 1
| #define LT_OBJDIR ".libs/"
| #define HAVE_LIMITS_H 1
| #define HAVE_SYS_TYPES_H 1
| #define HAVE_SYS_STAT_H 1
| #define HAVE_DIRENT_H 1
| /* end confdefs.h.  */
| #include <stddef.h>
| #ifdef HAVE_STDIO_H
| # include <stdio.h>
| #endif
| #ifdef HAVE_STDLIB_H
| # include <stdlib.h>
| #endif
| #ifdef HAVE_STRING_H
| # include <string.h>
| #endif
| #ifdef HAVE_INTTYPES_H
| # include <inttypes.h>
| #endif
| #ifdef HAVE_STDINT_H
| # include <stdint.h>
| #endif
| #ifdef HAVE_STRINGS_H
| # include <strings.h>
| #endif
| #ifdef HAVE_SYS_TYPES_H
| # include <sys/types.h>
| #endif
| #ifdef HAVE_SYS_STAT_H
| # include <sys/stat.h>
| #endif
| #ifdef HAVE_UNISTD_H
| # include <unistd.h>
| #endif
| int
| main (void)
| {
| if (sizeof ((size_t)))
| 	    return 0;
|   ;
|   return 0;
| }
configure:16260: result: yes
configure:16276: checking for strtoq
configure:16276: gcc -o conftest -O2   conftest.c  >&5
configure:16276: $? = 0
configure:16276: result: yes
configure:16292: checking for long long
configure:16292: gcc -c -O2  conftest.c >&5
configure:16292: $? = 0
configure:16292: gcc -c -O2  conftest.c >&5
conftest.c: In function 'main':
conftest.c:59:24: error: expected expression before ')' token
   59 | if (sizeof ((long long)))
      |                        ^
configure:16292: $? = 1
configure: failed program was:
| /* confdefs.h */
| #define PACKAGE_NAME "PCRE"
| #define PACKAGE_TARNAME "pcre"
| #define PACKAGE_VERSION "8.00"
| #define PACKAGE_STRING "PCRE 8.00"
| #define PACKAGE_BUGREPORT ""
| #define PACKAGE_URL ""
| #define PACKAGE "pcre"
| #define VERSION "8.00"
| #define HAVE_STDIO_H 1
| #define HAVE_STDLIB_H 1
| #define HAVE_STRING_H 1
| #define HAVE_INTTYPES_H 1
| #define HAVE_STDINT_H 1
| #define HAVE_STRINGS_H 1
| #define HAVE_SYS_STAT_H 1
| #define HAVE_SYS_TYPES_H 1
| #define HAVE_UNISTD_H 1
| #define STDC_HEADERS 1
| #define HAVE_DLFCN_H 1
| #define LT_OBJDIR ".libs/"
| #define HAVE_LIMITS_H 1
| #define HAVE_SYS_TYPES_H 1
| #define HAVE_SYS_STAT_H 1
| #define HAVE_DIRENT_H 1
| #define HAVE_STRTOQ 1
| /* end confdefs.h.  */
| #include <stddef.h>
| #ifdef HAVE_STDIO_H
| # include <stdio.h>
| #endif
| #ifdef HAVE_STDLIB_H
| # include <stdlib.h>
| #endif
| #ifdef HAVE_STRING_H
| # include <string.h>
| #endif
| #ifdef HAVE_INTTYPES_H
| # include <inttypes.h>
| #endif
| #ifdef HAVE_STDINT_H
| # include <stdint.h>
| #endif
| #ifdef HAVE_STRINGS_H
| # include <strings.h>
| #endif
| #ifdef HAVE_SYS_TYPES_H
| # include <sys/types.h>
| #endif
| #ifdef HAVE_SYS_STAT_H
| # include <sys/stat.h>
| #endif
| #ifdef HAVE_UNISTD_H
| # include <unistd.h>
| #endif
| int
| main (void)
| {
| if (sizeof ((long long)))
| 	    return 0;
|   ;
|   return 0;
| }
configure:16292: result: yes
configure:16303: checking for unsigned long long
configure:16303: gcc -c -O2  conftest.c >&5
configure:16303: $? = 0
configure:16303: gcc -c -O2  conftest.c >&5
conftest.c: In function 'main':
conftest.c:60:33: error: expected expression before ')' token
   60 | if (sizeof ((unsigned long long)))
      |                                 ^
configure:16303: $? = 1
configure: failed program was:
| /* confdefs.h */
| #define PACKAGE_NAME "PCRE"
| #define PACKAGE_TARNAME "pcre"
| #define PACKAGE_VERSION "8.00"
| #define PACKAGE_STRING "PCRE 8.00"
| #define PACKAGE_BUGREPORT ""
| #define PACKAGE_URL ""
| #define PACKAGE "pcre"
| #define VERSION "8.00"
| #define HAVE_STDIO_H 1
| #define HAVE_STDLIB_H 1
| #define HAVE_STRING_H 1
| #define HAVE_INTTYPES_H 1
| #define HAVE_STDINT_H 1
| #define HAVE_STRINGS_H 1
| #define HAVE_SYS_STAT_H 1
| #define HAVE_SYS_TYPES_H 1
| #define HAVE_UNISTD_H 1
| #define STDC_HEADERS 1
| #define HAVE_DLFCN_H 1
| #define LT_OBJDIR ".libs/"
| #define HAVE_LIMITS_H 1
| #define HAVE_SYS_TYPES_H 1
| #define HAVE_SYS_STAT_H 1
| #define HAVE_DIRENT_H 1
| #define HAVE_STRTOQ 1
| #define HAVE_LONG_LONG 1
| /* end confdefs.h.  */
| #include <stddef.h>
| #ifdef HAVE_STDIO_H
| # include <stdio.h>
| #endif
| #ifdef HAVE_STDLIB_H
| # include <stdlib.h>
| #endif
| #ifdef HAVE_STRING_H
| # include <string.h>
| #endif
| #ifdef HAVE_INTTYPES_H
| # include <inttypes.h>
| #endif
| #ifdef HAVE_STDINT_H
| # include <stdint.h>
| #endif
| #ifdef HAVE_STRINGS_H
| # include <strings.h>
| #endif
| #ifdef HAVE_SYS_TYPES_H
| # include <sys/types.h>
| #endif
| #ifdef HAVE_SYS_STAT_H
| # include <sys/stat.h>
| #endif
| #ifdef HAVE_UNISTD_H
| # include <unistd.h>
| #endif
| int
| main (void)
| {
| if (sizeof ((unsigned long long)))
| 	    return 0;
|   ;
|   return 0;
| }
configure:16303: result: yes
configure:16320: checking for bcopy
configure:16320: gcc -o conftest -O2   conftest.c  >&5
conftest.c:46:6: warning: conflicting types for built-in function 'bcopy'; expected 'void(const void *, void *, long unsigned int)' [-Wbuiltin-declaration-mismatch]
   46 | char bcopy ();
      |      ^~~~~
configure:16320: $? = 0
configure:16320: result: yes
configure:16326: checking for memmove
configure:16326: gcc -o conftest -O2   conftest.c  >&5
conftest.c:47:6: warning: conflicting types for built-in function 'memmove'; expected 'void *(void *, const void *, long unsigned int)' [-Wbuiltin-declaration-mismatch]
   47 | char memmove ();
      |      ^~~~~~~
conftest.c:39:1: note: 'memmove' is declared in header '<string.h>'
   38 | #include <limits.h>
   39 | #undef memmove
configure:16326: $? = 0
configure:16326: result: yes
configure:16332: checking for strerror
configure:16332: gcc -o conftest -O2   conftest.c  >&5
configure:16332: $? = 0
configure:16332: result: yes
configure:16344: checking for zlib.h
configure:16344: gcc -c -O2  conftest.c >&5
configure:16344: $? = 0
configure:16344: result: yes
configure:16352: checking for gzopen in -lz
configure:16375: gcc -o conftest -O2   conftest.c -lz   >&5
configure:16375: $? = 0
configure:16385: result: yes
configure:16397: checking for bzlib.h
configure:16397: gcc -c -O2  conftest.c >&5
conftest.c:62:10: fatal error: bzlib.h: No such file or directory
   62 | #include <bzlib.h>
      |          ^~~~~~~~~
compilation terminated.
configure:16397: $? = 1
configure: failed program was:
| /* confdefs.h */
| #define PACKAGE_NAME "PCRE"
| #define PACKAGE_TARNAME "pcre"
| #define PACKAGE_VERSION "8.00"
| #define PACKAGE_STRING "PCRE 8.00"
| #define PACKAGE_BUGREPORT ""
| #define PACKAGE_URL ""
| #define PACKAGE "pcre"
| #define VERSION "8.00"
| #define HAVE_STDIO_H 1
| #define HAVE_STDLIB_H 1
| #define HAVE_STRING_H 1
| #define HAVE_INTTYPES_H 1
| #define HAVE_STDINT_H 1
| #define HAVE_STRINGS_H 1
| #define HAVE_SYS_STAT_H 1
| #define HAVE_SYS_TYPES_H 1
| #define HAVE_UNISTD_H 1
| #define STDC_HEADERS 1
| #define HAVE_DLFCN_H 1
| #define LT_OBJDIR ".libs/"
| #define HAVE_LIMITS_H 1
| #define HAVE_SYS_TYPES_H 1
| #define HAVE_SYS_STAT_H 1
| #define HAVE_DIRENT_H 1
| #define HAVE_STRTOQ 1
| #define HAVE_LONG_LONG 1
| #define HAVE_UNSIGNED_LONG_LONG 1
| #define HAVE_BCOPY 1
| #define HAVE_MEMMOVE 1
| #define HAVE_STRERROR 1
| #define HAVE_ZLIB_H 1
| /* end confdefs.h.  */
| #include <stddef.h>
| #ifdef HAVE_STDIO_H
| # include <stdio.h>
| #endif
| #ifdef HAVE_STDLIB_H
| # include <stdlib.h>
| #endif
| #ifdef HAVE_STRING_H
| # include <string.h>
| #endif
| #ifdef HAVE_INTTYPES_H
| # include <inttypes.h>
| #endif
| #ifdef HAVE_STDINT_H
| # include <stdint.h>
| #endif
| #ifdef HAVE_STRINGS_H
| # include <strings.h>
| #endif
| #ifdef HAVE_SYS_TYPES_H
| # include <sys/types.h>
| #endif
| #ifdef HAVE_SYS_STAT_H
| # include <sys/stat.h>
| #endif
| #ifdef HAVE_UNISTD_H
| # include <unistd.h>
| #endif
| #include <bzlib.h>
configure:16397: result: no
configure:16405: checking for BZ2_bzopen in -lbz2
configure:16428: gcc -o conftest -O2   conftest.c -lbz2   >&5
/usr/bin/ld: cannot find -lbz2: No such file or directory
collect2: error: ld returned 1 exit status
configure:16428: $? = 1
configure: failed program was:
| /* confdefs.h */
| #define PACKAGE_NAME "PCRE"
| #define PACKAGE_TARNAME "pcre"
| #define PACKAGE_VERSION "8.00"
| #define PACKAGE_STRING "PCRE 8.00"
| #define PACKAGE_BUGREPORT ""
| #define PACKAGE_URL ""
| #define PACKAGE "pcre"
| #define VERSION "8.00"
| #define HAVE_STDIO_H 1
| #define HAVE_STDLIB_H 1
| #define HAVE_STRING_H 1
| #define HAVE_INTTYPES_H 1
| #define HAVE_STDINT_H 1
| #define HAVE_STRINGS_H 1
| #define HAVE_SYS_STAT_H 1
| #define HAVE_SYS_TYPES_H 1
| #define HAVE_UNISTD_H 1
| #define STDC_HEADERS 1
| #define HAVE_DLFCN_H 1
| #define LT_OBJDIR ".libs/"
| #define HAVE_LIMITS_H 1
| #define HAVE_SYS_TYPES_H 1
| #define HAVE_SYS_STAT_H 1
| #define HAVE_DIRENT_H 1
| #define HAVE_STRTOQ 1
| #define HAVE_LONG_LONG 1
| #define HAVE_UNSIGNED_LONG_LONG 1
| #define HAVE_BCOPY 1
| #define HAVE_MEMMOVE 1
| #define HAVE_STRERROR 1
| #define HAVE_ZLIB_H 1
| /* end confdefs.h.  */
| 
| /* Override any GCC internal prototype to avoid an error.
|    Use char because int might match the return type of a GCC
|    builtin and then its argument prototype would still apply.  */
| char BZ2_bzopen ();
| int
| main (void)
| {
| return BZ2_bzopen ();
|   ;
|   return 0;
| }
configure:16438: result: no
configure:16450: checking for readline/readline.h
configure:16450: gcc -c -O2  conftest.c >&5
conftest.c:62:10: fatal error: readline/readline.h: No such file or directory
   62 | #include <readline/readline.h>
      |          ^~~~~~~~~~~~~~~~~~~~~
compilation terminated.
configure:16450: $? = 1
configure: failed program was:
| /* confdefs.h */
| #define PACKAGE_NAME "PCRE"
| #define PACKAGE_TARNAME "pcre"
| #define PACKAGE_VERSION "8.00"
| #define PACKAGE_STRING "PCRE 8.00"
| #define PACKAGE_BUGREPORT ""
| #define PACKAGE_URL ""
| #define PACKAGE "pcre"
| #define VERSION "8.00"
| #define HAVE_STDIO_H 1
| #define HAVE_STDLIB_H 1
| #define HAVE_STRING_H 1
| #define HAVE_INTTYPES_H 1
| #define HAVE_STDINT_H 1
| #define HAVE_STRINGS_H 1
| #define HAVE_SYS_STAT_H 1
| #define HAVE_SYS_TYPES_H 1
| #define HAVE_UNISTD_H 1
| #define STDC_HEADERS 1
| #define HAVE_DLFCN_H 1
| #define LT_OBJDIR ".libs/"
| #define HAVE_LIMITS_H 1
| #define HAVE_SYS_TYPES_H 1
| #define HAVE_SYS_STAT_H 1
| #define HAVE_DIRENT_H 1
| #define HAVE_STRTOQ 1
| #define HAVE_LONG_LONG 1
| #define HAVE_UNSIGNED_LONG_LONG 1
| #define HAVE_BCOPY 1
| #define HAVE_MEMMOVE 1
| #define HAVE_STRERROR 1
| #define HAVE_ZLIB_H 1
| /* end confdefs.h.  */
| #include <stddef.h>
| #ifdef HAVE_STDIO_H
| # include <stdio.h>
| #endif
| #ifdef HAVE_STDLIB_H
| # include <stdlib.h>
| #endif
| #ifdef HAVE_STRING_H
| # include <string.h>
| #endif
| #ifdef HAVE_INTTYPES_H
| # include <inttypes.h>
| #endif
| #ifdef HAVE_STDINT_H
| # include <stdint.h>
| #endif
| #ifdef HAVE_STRINGS_H
| # include <strings.h>
| #endif
| #ifdef HAVE_SYS_TYPES_H
| # include <sys/types.h>
| #endif
| #ifdef HAVE_SYS_STAT_H
| # include <sys/stat.h>
| #endif
| #ifdef HAVE_UNISTD_H
| # include <unistd.h>
| #endif
| #include <readline/readline.h>
configure:16450: result: no
configure:16460: checking for readline/history.h
configure:16460: gcc -c -O2  conftest.c >&5
conftest.c:62:10: fatal error: readline/history.h: No such file or directory
   62 | #include <readline/history.h>
      |          ^~~~~~~~~~~~~~~~~~~~
compilation terminated.
configure:16460: $? = 1
configure: failed program was:
| /* confdefs.h */
| #define PACKAGE_NAME "PCRE"
| #define PACKAGE_TARNAME "pcre"
| #define PACKAGE_VERSION "8.00"
| #define PACKAGE_STRING "PCRE 8.00"
| #define PACKAGE_BUGREPORT ""
| #define PACKAGE_URL ""
| #define PACKAGE "pcre"
| #define VERSION "8.00"
| #define HAVE_STDIO_H 1
| #define HAVE_STDLIB_H 1
| #define HAVE_STRING_H 1
| #define HAVE_INTTYPES_H 1
| #define HAVE_STDINT_H 1
| #define HAVE_STRINGS_H 1
| #define HAVE_SYS_STAT_H 1
| #define HAVE_SYS_TYPES_H 1
| #define HAVE_UNISTD_H 1
| #define STDC_HEADERS 1
| #define HAVE_DLFCN_H 1
| #define LT_OBJDIR ".libs/"
| #define HAVE_LIMITS_H 1
| #define HAVE_SYS_TYPES_H 1
| #define HAVE_SYS_STAT_H 1
| #define HAVE_DIRENT_H 1
| #define HAVE_STRTOQ 1
| #define HAVE_LONG_LONG 1
| #define HAVE_UNSIGNED_LONG_LONG 1
| #define HAVE_BCOPY 1
| #define HAVE_MEMMOVE 1
| #define HAVE_STRERROR 1
| #define HAVE_ZLIB_H 1
| /* end confdefs.h.  */
| #include <stddef.h>
| #ifdef HAVE_STDIO_H
| # include <stdio.h>
| #endif
| #ifdef HAVE_STDLIB_H
| # include <stdlib.h>
| #endif
| #ifdef HAVE_STRING_H
| # include <string.h>
| #endif
| #ifdef HAVE_INTTYPES_H
| # include <inttypes.h>
| #endif
| #ifdef HAVE_STDINT_H
| # include <stdint.h>
| #endif
| #ifdef HAVE_STRINGS_H
| # include <strings.h>
| #endif
| #ifdef HAVE_SYS_TYPES_H
| # include <sys/types.h>
| #endif
| #ifdef HAVE_SYS_STAT_H
| # include <sys/stat.h>
| #endif
| #ifdef HAVE_UNISTD_H
| # include <unistd.h>
| #endif
| #include <readline/history.h>
configure:16460: result: no
configure:16468: checking for readline in -lreadline
configure:16491: gcc -o conftest -O2   conftest.c -lreadline   >&5
/usr/bin/ld: cannot find -lreadline: No such file or directory
collect2: error: ld returned 1 exit status
configure:16491: $? = 1
configure: failed program was:
| /* confdefs.h */
| #define PACKAGE_NAME "PCRE"
| #define PACKAGE_TARNAME "pcre"
| #define PACKAGE_VERSION "8.00"
| #define PACKAGE_STRING "PCRE 8.00"
| #define PACKAGE_BUGREPORT ""
| #define PACKAGE_URL ""
| #define PACKAGE "pcre"
| #define VERSION "8.00"
| #define HAVE_STDIO_H 1
| #define HAVE_STDLIB_H 1
| #define HAVE_STRING_H 1
| #define HAVE_INTTYPES_H 1
| #define HAVE_STDINT_H 1
| #define HAVE_STRINGS_H 1
| #define HAVE_SYS_STAT_H 1
| #define HAVE_SYS_TYPES_H 1
| #define HAVE_UNISTD_H 1
| #define STDC_HEADERS 1
| #define HAVE_DLFCN_H 1
| #define LT_OBJDIR ".libs/"
| #define HAVE_LIMITS_H 1
| #define HAVE_SYS_TYPES_H 1
| #define HAVE_SYS_STAT_H 1
| #define HAVE_DIRENT_H 1
| #define HAVE_STRTOQ 1
| #define HAVE_LONG_LONG 1
| #define HAVE_UNSIGNED_LONG_LONG 1
| #define HAVE_BCOPY 1
| #define HAVE_MEMMOVE 1
| #define HAVE_STRERROR 1
| #define HAVE_ZLIB_H 1
| /* end confdefs.h.  */
| 
| /* Override any GCC internal prototype to avoid an error.
|    Use char because int might match the return type of a GCC
|    builtin and then its argument prototype would still apply.  */
| char readline ();
| int
| main (void)
| {
| return readline ();
|   ;
|   return 0;
| }
configure:16501: result: no
configure:16820: creating ./config.status

## ---------------------- ##
## Running config.status. ##
## ---------------------- ##

This file was extended by PCRE config.status 8.00, which was
generated by GNU Autoconf 2.71.  Invocation command line was

  CONFIG_FILES    = 
  CONFIG_HEADERS  = 
  CONFIG_LINKS    = 
  CONFIG_COMMANDS = 
  $ ./config.status 

on HangShu

config.status:1163: creating Makefile
config.status:1163: creating libpcre.pc
config.status:1163: creating libpcreposix.pc
config.status:1163: creating libpcrecpp.pc
config.status:1163: creating pcre-config
config.status:1163: creating pcre.h
config.status:1163: creating pcre_stringpiece.h
config.status:1163: creating pcrecpparg.h
config.status:1163: creating config.h
config.status:1344: config.h is unchanged
config.status:1392: executing depfiles commands
config.status:1392: executing libtool commands
config.status:1392: executing script-chmod commands
config.status:1392: executing delete-old-chartables commands

## ---------------- ##
## Cache variables. ##
## ---------------- ##

ac_cv_build=x86_64-unknown-linux-gnu
ac_cv_c_compiler_gnu=yes
ac_cv_c_const=yes
ac_cv_cxx_compiler_gnu=yes
ac_cv_env_CCC_set=
ac_cv_env_CCC_value=
ac_cv_env_CC_set=
ac_cv_env_CC_value=
ac_cv_env_CFLAGS_set=
ac_cv_env_CFLAGS_value=
ac_cv_env_CPPFLAGS_set=
ac_cv_env_CPPFLAGS_value=
ac_cv_env_CXXCPP_set=
ac_cv_env_CXXCPP_value=
ac_cv_env_CXXFLAGS_set=
ac_cv_env_CXXFLAGS_value=
ac_cv_env_CXX_set=
ac_cv_env_CXX_value=
ac_cv_env_LDFLAGS_set=
ac_cv_env_LDFLAGS_value=
ac_cv_env_LIBS_set=
ac_cv_env_LIBS_value=
ac_cv_env_build_alias_set=
ac_cv_env_build_alias_value=
ac_cv_env_host_alias_set=
ac_cv_env_host_alias_value=
ac_cv_env_target_alias_set=
ac_cv_env_target_alias_value=
ac_cv_func_bcopy=yes
ac_cv_func_memmove=yes
ac_cv_func_strerror=yes
ac_cv_func_strtoq=yes
ac_cv_header_bzlib_h=no
ac_cv_header_dirent_h=yes
ac_cv_header_dlfcn_h=yes
ac_cv_header_inttypes_h=yes
ac_cv_header_limits_h=yes
ac_cv_header_readline_history_h=no
ac_cv_header_readline_readline_h=no
ac_cv_header_stdint_h=yes
ac_cv_header_stdio_h=yes
ac_cv_header_stdlib_h=yes
ac_cv_header_string_h=yes
ac_cv_header_strings_h=yes
ac_cv_header_sys_stat_h=yes
ac_cv_header_sys_types_h=yes
ac_cv_header_unistd_h=yes
ac_cv_header_windows_h=no
ac_cv_header_zlib_h=yes
ac_cv_host=x86_64-unknown-linux-gnu
ac_cv_lib_bz2_BZ2_bzopen=no
ac_cv_lib_readline_readline=no
ac_cv_lib_z_gzopen=yes
ac_cv_objext=o
ac_cv_path_EGREP='/usr/bin/grep -E'
ac_cv_path_FGREP='/usr/bin/grep -F'
ac_cv_path_GREP=/usr/bin/grep
ac_cv_path_SED=/usr/bin/sed
ac_cv_path_install='/usr/bin/install -c'
ac_cv_path_mkdir=/usr/bin/mkdir
ac_cv_prog_AWK=gawk
ac_cv_prog_CXXCPP='g++ -E'
ac_cv_prog_ac_ct_AR=ar
ac_cv_prog_ac_ct_CC=gcc
ac_cv_prog_ac_ct_CXX=g++
ac_cv_prog_ac_ct_OBJDUMP=objdump
ac_cv_prog_ac_ct_RANLIB=ranlib
ac_cv_prog_ac_ct_STRIP=strip
ac_cv_prog_cc_c11=
ac_cv_prog_cc_g=yes
ac_cv_prog_cc_stdc=
ac_cv_prog_cxx_11=no
ac_cv_prog_cxx_cxx11=
ac_cv_prog_cxx_g=yes
ac_cv_prog_cxx_stdcxx=
ac_cv_prog_make_make_set=yes
ac_cv_type_long_long=yes
ac_cv_type_size_t=yes
ac_cv_type_unsigned_long_long=yes
am_cv_CC_dependencies_compiler_type=gcc3
am_cv_CXX_dependencies_compiler_type=gcc3
lt_cv_deplibs_check_method=pass_all
lt_cv_file_magic_cmd='$MAGIC_CMD'
lt_cv_file_magic_test_file=
lt_cv_ld_reload_flag=-r
lt_cv_nm_interface='BSD nm'
lt_cv_objdir=.libs
lt_cv_path_LD=/usr/bin/ld
lt_cv_path_LDCXX='/usr/bin/ld -m elf_x86_64'
lt_cv_path_NM='/usr/bin/nm -B'
lt_cv_prog_compiler_c_o=yes
lt_cv_prog_compiler_c_o_CXX=yes
lt_cv_prog_compiler_pic_works=yes
lt_cv_prog_compiler_pic_works_CXX=yes
lt_cv_prog_compiler_rtti_exceptions=no
lt_cv_prog_compiler_static_works=yes
lt_cv_prog_compiler_static_works_CXX=yes
lt_cv_prog_gnu_ld=yes
lt_cv_prog_gnu_ldcxx=yes
lt_cv_sys_global_symbol_pipe='sed -n -e '\''s/^.*[	 ]\([ABCDGIRSTW][ABCDGIRSTW]*\)[	 ][	 ]*\([_A-Za-z][_A-Za-z0-9]*\)$/\1 \2 \2/p'\'''
lt_cv_sys_global_symbol_to_c_name_address='sed -n -e '\''s/^: \([^ ]*\) $/  {\"\1\", (void *) 0},/p'\'' -e '\''s/^[ABCDGIRSTW]* \([^ ]*\) \([^ ]*\)$/  {"\2", (void *) \&\2},/p'\'''
lt_cv_sys_global_symbol_to_c_name_address_lib_prefix='sed -n -e '\''s/^: \([^ ]*\) $/  {\"\1\", (void *) 0},/p'\'' -e '\''s/^[ABCDGIRSTW]* \([^ ]*\) \(lib[^ ]*\)$/  {"\2", (void *) \&\2},/p'\'' -e '\''s/^[ABCDGIRSTW]* \([^ ]*\) \([^ ]*\)$/  {"lib\2", (void *) \&\2},/p'\'''
lt_cv_sys_global_symbol_to_cdecl='sed -n -e '\''s/^T .* \(.*\)$/extern int \1();/p'\'' -e '\''s/^[ABCDGIRSTW]* .* \(.*\)$/extern char \1;/p'\'''
lt_cv_sys_max_cmd_len=1572864

## ----------------- ##
## Output variables. ##
## ----------------- ##

ACLOCAL='${SHELL} /home/sh/rca_httpd/httpd/pcre-8.00/missing --run aclocal-1.10'
AMDEPBACKSLASH='\'
AMDEP_FALSE='#'
AMDEP_TRUE=''
AMTAR='${SHELL} /home/sh/rca_httpd/httpd/pcre-8.00/missing --run tar'
AR='ar'
AS='as'
AUTOCONF='${SHELL} /home/sh/rca_httpd/httpd/pcre-8.00/missing --run autoconf'
AUTOHEADER='${SHELL} /home/sh/rca_httpd/httpd/pcre-8.00/missing --run autoheader'
AUTOMAKE='${SHELL} /home/sh/rca_httpd/httpd/pcre-8.00/missing --run automake-1.10'
AWK='gawk'
CC='gcc'
CCDEPMODE='depmode=gcc3'
CFLAGS='-O2'
CPPFLAGS=''
CXX='g++'
CXXCPP='g++ -E'
CXXDEPMODE='depmode=gcc3'
CXXFLAGS='-O2'
CYGPATH_W='echo'
DEFS='-DHAVE_CONFIG_H'
DEPDIR='.deps'
DISTCHECK_CONFIGURE_FLAGS='--enable-cpp --enable-unicode-properties'
DLLTOOL='dlltool'
DSYMUTIL=''
DUMPBIN=''
ECHO_C=''
ECHO_N='-n'
ECHO_T=''
EGREP='/usr/bin/grep -E'
EXEEXT=''
EXTRA_LIBPCRECPP_LDFLAGS='                            -version-info 0:0:0                           '
EXTRA_LIBPCREPOSIX_LDFLAGS='                              -version-info 0:0:0'
EXTRA_LIBPCRE_LDFLAGS='                         -version-info 0:1:0'
FGREP='/usr/bin/grep -F'
GREP='/usr/bin/grep'
INSTALL_DATA='${INSTALL} -m 644'
INSTALL_PROGRAM='${INSTALL}'
INSTALL_SCRIPT='${INSTALL}'
INSTALL_STRIP_PROGRAM='$(install_sh) -c -s'
LD='/usr/bin/ld -m elf_x86_64'
LDFLAGS=''
LIBBZ2=''
LIBOBJS=''
LIBREADLINE=''
LIBS=''
LIBTOOL='$(SHELL) $(top_builddir)/libtool'
LIBZ=''
LIPO=''
LN_S='ln -s'
LTLIBOBJS=''
MAKEINFO='${SHELL} /home/sh/rca_httpd/httpd/pcre-8.00/missing --run makeinfo'
MKDIR_P='/usr/bin/mkdir -p'
NM='/usr/bin/nm -B'
NMEDIT=''
OBJDUMP='objdump'
OBJEXT='o'
OTOOL64=''
OTOOL=''
PACKAGE='pcre'
PACKAGE_BUGREPORT=''
PACKAGE_NAME='PCRE'
PACKAGE_STRING='PCRE 8.00'
PACKAGE_TARNAME='pcre'
PACKAGE_URL=''
PACKAGE_VERSION='8.00'
PATH_SEPARATOR=':'
PCRE_DATE='2009-10-19'
PCRE_MAJOR='8'
PCRE_MINOR='00'
PCRE_PRERELEASE=''
PCRE_STATIC_CFLAG=''
RANLIB='ranlib'
SED='/usr/bin/sed'
SET_MAKE=''
SHELL='/bin/bash'
STRIP='strip'
VERSION='8.00'
WITH_PCRE_CPP_FALSE=''
WITH_PCRE_CPP_TRUE='#'
WITH_REBUILD_CHARTABLES_FALSE=''
WITH_REBUILD_CHARTABLES_TRUE='#'
ac_ct_CC='gcc'
ac_ct_CXX='g++'
ac_ct_DUMPBIN=''
am__fastdepCC_FALSE='#'
am__fastdepCC_TRUE=''
am__fastdepCXX_FALSE='#'
am__fastdepCXX_TRUE=''
am__include='include'
am__isrc=''
am__leading_dot='.'
am__quote=''
am__tar='${AMTAR} chof - "$$tardir"'
am__untar='${AMTAR} xf -'
bindir='${exec_prefix}/bin'
build='x86_64-unknown-linux-gnu'
build_alias=''
build_cpu='x86_64'
build_os='linux-gnu'
build_vendor='unknown'
datadir='${datarootdir}'
datarootdir='${prefix}/share'
docdir='${datarootdir}/doc/${PACKAGE_TARNAME}'
dvidir='${docdir}'
exec_prefix='${prefix}'
host='x86_64-unknown-linux-gnu'
host_alias=''
host_cpu='x86_64'
host_os='linux-gnu'
host_vendor='unknown'
htmldir='${docdir}/html'
includedir='${prefix}/include'
infodir='${datarootdir}/info'
install_sh='$(SHELL) /home/sh/rca_httpd/httpd/pcre-8.00/install-sh'
libdir='${exec_prefix}/lib'
libexecdir='${exec_prefix}/libexec'
localedir='${datarootdir}/locale'
localstatedir='${prefix}/var'
lt_ECHO='echo'
mandir='${datarootdir}/man'
mkdir_p='/usr/bin/mkdir -p'
oldincludedir='/usr/include'
pcre_have_bits_type_traits='0'
pcre_have_long_long='1'
pcre_have_type_traits='0'
pcre_have_ulong_long='1'
pdfdir='${docdir}'
prefix='/home/sh/httpd-2.4.49-trace'
program_transform_name='s,x,x,'
psdir='${docdir}'
runstatedir='${localstatedir}/run'
sbindir='${exec_prefix}/sbin'
sharedstatedir='${prefix}/com'
sysconfdir='${prefix}/etc'
target_alias=''

## ----------- ##
## confdefs.h. ##
## ----------- ##

/* confdefs.h */
#define PACKAGE_NAME "PCRE"
#define PACKAGE_TARNAME "pcre"
#define PACKAGE_VERSION "8.00"
#define PACKAGE_STRING "PCRE 8.00"
#define PACKAGE_BUGREPORT ""
#define PACKAGE_URL ""
#define PACKAGE "pcre"
#define VERSION "8.00"
#define HAVE_STDIO_H 1
#define HAVE_STDLIB_H 1
#define HAVE_STRING_H 1
#define HAVE_INTTYPES_H 1
#define HAVE_STDINT_H 1
#define HAVE_STRINGS_H 1
#define HAVE_SYS_STAT_H 1
#define HAVE_SYS_TYPES_H 1
#define HAVE_UNISTD_H 1
#define STDC_HEADERS 1
#define HAVE_DLFCN_H 1
#define LT_OBJDIR ".libs/"
#define HAVE_LIMITS_H 1
#define HAVE_SYS_TYPES_H 1
#define HAVE_SYS_STAT_H 1
#define HAVE_DIRENT_H 1
#define HAVE_STRTOQ 1
#define HAVE_LONG_LONG 1
#define HAVE_UNSIGNED_LONG_LONG 1
#define HAVE_BCOPY 1
#define HAVE_MEMMOVE 1
#define HAVE_STRERROR 1
#define HAVE_ZLIB_H 1
#define NEWLINE 10
#define LINK_SIZE 2
#define POSIX_MALLOC_THRESHOLD 10
#define MATCH_LIMIT 10000000
#define MATCH_LIMIT_RECURSION MATCH_LIMIT
#define MAX_NAME_SIZE 32
#define MAX_NAME_COUNT 10000

configure: exit 0
